[2026-01-15 16:07:16.162] Application starting
[2026-01-15 16:07:16.188] Services configured
[2026-01-15 16:07:16.256] Running EF Core migrations
[2026-01-15 16:07:16.525] Migrations completed successfully
[2026-01-15 16:07:16.527] Database initialized
[2026-01-15 16:07:16.679] Blocking service initialized
[2026-01-15 16:07:16.682] Network logger started
[2026-01-15 16:07:16.988] Main window shown - startup complete
[2026-01-15 16:07:19.789] Opening Rule Manager
[2026-01-15 16:07:25.735] Rule Manager closed
[2026-01-15 16:07:26.871] Opening Rule Manager
[2026-01-15 16:07:33.734] Rule Manager closed
[2026-01-15 16:07:36.066] Opening Rule Manager
[2026-01-15 16:07:38.215] Rule Manager closed
[2026-01-15 16:12:47.363] Application starting
[2026-01-15 16:12:47.389] Services configured
[2026-01-15 16:12:47.459] Running EF Core migrations
[2026-01-15 16:12:47.714] Migrations completed successfully
[2026-01-15 16:12:47.716] Database initialized
[2026-01-15 16:12:47.872] Blocking service initialized
[2026-01-15 16:12:47.875] Network logger started
[2026-01-15 16:12:48.191] Main window shown - startup complete
[2026-01-15 16:12:51.112] Opening Rule Manager
[2026-01-15 16:13:00.428] Rule Manager closed
[2026-01-15 16:20:21.401] Application starting
[2026-01-15 16:20:21.532] Services configured
[2026-01-15 16:20:21.608] Running EF Core migrations
[2026-01-15 16:20:21.894] Migrations completed successfully
[2026-01-15 16:20:21.896] Database initialized
[2026-01-15 16:20:22.062] BlockingService initialized with 1 active rules
[2026-01-15 16:20:22.063] Blocking service initialized
[2026-01-15 16:20:22.066] Network logger started
[2026-01-15 16:20:22.352] Main window shown - startup complete
[2026-01-15 16:20:29.140] Opening Rule Manager
[2026-01-15 16:20:30.563] Rule Manager closed
[2026-01-15 16:20:49.344] BLOCKED: https://tpc.googlesyndication.com/sodar/56-y-0RG.js by rule: Block Ads
[2026-01-15 16:20:49.464] BLOCKED: https://ad.doubleclick.net/ddm/trackimp/N34703.5722055BASE44_YOUTUBE_DEM/B33809214.431346463;dc_trk_aid=616516580;dc_trk_cid=237231601;ord=4052267014;dc_lat=;dc_rdid=;tag_for_child_directed_treatment=;tfua=;gdpr=;gdpr_consent=;ltd=;dc_tdv=1;dc_transparent=1;;dc_rui=1;dc_exteid=3437745967473344024;dc_av=536;dc_sk=1;dc_ctype=161;dc_ref=http://www.youtube.com/video/QJI0an6irrA;dc_eps=AHas8cAqNRVtDkFDsmp5TyNQWFzlVgCwXvDTilWDlFvFUOlyIYuRQsp-c1-ljWjcB9nohizAYp9ntmtvUVEtUWuykbOzkZc;dc_pubid=2;dc_btype=23?gclid=EAIaIQobChMIlpSU9N6NkgMVMilDAx2mNy5OEAEYASAAEgL8y_D_BwE&ase=2&nis=6 by rule: Block Ads
[2026-01-15 16:20:49.470] BLOCKED: https://pagead2.googlesyndication.com/activeview_ext?id=lidarv&avm=1&dc_pubid=2&dc_exteid=3437745967473344024&acvw=sv%3D968%26v%3D20260111%26cb%3Dyw%26e%3D15%26nas%3D1%26sdk%3Db%26p%3D68,16,446,688%26tos%3D0,0,0,0,0%26mtos%3D0,0,0,0,0%26amtos%3D0,0,0,0,0%26mcvt%3D0%26ps%3D1122,0%26scs%3D2048,1152%26bs%3D1122,790%26vht%3D0%26mut%3D0%26a%3D0%26ft%3D0%26dft%3D0%26at%3D0%26dat%3D0%26as%3D0%26vpt%3D0%26gmm%3D4%26efpf%3D2%26nmt%3D0%26tcm%3D1%26bt%3D0%26pst%3D-1%26dur%3D46000%26vmtime%3D0%26dvs%3D0%26dfvs%3D0%26dvpt%3D0%26is%3D33554707%26i0%3D33554707%26ic%3D0%26cs%3D33554706%26c%3D1%26mc%3D1%26nc%3D1%26mv%3D0%26nv%3D0%26lte%3D1%26ces%26avms%3Dgeo%26qi%3DYIGqYPj9IgpIp07T%26psm%3D1%26psv%3D1%26psfv%3D1%26psa%3D0%26ptlt%3D14475%26pngs%3D9,14,15%26veid%3Dfmd%3A1%26ssb%3D0,0,0,0,0,0,0,0,0,0,0%26co%3D6441964902%26tm%3D0%26tu%3D0&gv=atos%3D0,0,0,0,0%26avt%3D0%26davs%3D0%26dafvs%3D0%26ss%3D0.1%26t%3D1768486849460&dc_eps=AHas8cAEWbNmGWv1MiZ0FExMjW_XCRcVC0hcr0xCtenc9zfisjP4ZTB2G2fDv4anJUOAbw9UXZcndM4uK3HFfxcYOxt1nIY& by rule: Block Ads
[2026-01-15 16:20:49.470] BLOCKED: https://ade.googlesyndication.com/ddm/activity_ext/dc_pubid=2;dc_exteid=3437745967473344024;met=1;ecn1=1;etm1=0;eid1=11;acvw=sv%3D968%26v%3D20260111%26cb%3Dyw%26e%3D0%26nas%3D1%26sdk%3Db%26p%3D68,16,446,688%26tos%3D0,0,0,0,0%26mtos%3D0,0,0,0,0%26amtos%3D0,0,0,0,0%26mcvt%3D0%26ps%3D1122,0%26scs%3D2048,1152%26bs%3D1122,790%26vht%3D0%26mut%3D0%26a%3D0%26ft%3D0%26dft%3D0%26at%3D0%26dat%3D0%26as%3D0%26vpt%3D0%26gmm%3D4%26efpf%3D2%26nmt%3D0%26tcm%3D1%26bt%3D0%26pst%3D-1%26dur%3D46000%26vmtime%3D0%26dvs%3D0%26dfvs%3D0%26dvpt%3D0%26is%3D33554707%26i0%3D33554707%26ic%3D33554706%26cs%3D33554706%26c%3D1%26mc%3D1%26nc%3D1%26mv%3D0%26nv%3D0%26lte%3D1%26ces%26avms%3Dgeo%26qi%3DYIGqYPj9IgpIp07T%26psm%3D1%26psv%3D1%26psfv%3D1%26psa%3D0%26ptlt%3D14475%26pngs%3D9,14,15%26veid%3Dfmd%3A1%26ssb%3D0,0,0,0,0,0,0,0,0,0,0%26co%3D6441964901%26tm%3D0%26tu%3D0;gv=atos%3D0,0,0,0,0%26avt%3D0%26davs%3D0%26dafvs%3D0%26ss%3D0.1%26t%3D1768486849460;dc_eps=AHas8cAEWbNmGWv1MiZ0FExMjW_XCRcVC0hcr0xCtenc9zfisjP4ZTB2G2fDv4anJUOAbw9UXZcndM4uK3HFfxcYOxt1nIY? by rule: Block Ads
[2026-01-15 16:20:49.471] BLOCKED: https://ade.googlesyndication.com/ddm/activity_ext/dc_pubid=2;dc_exteid=3437745967473344024;met=1;ecn1=1;etm1=0;eid1=16;acvw=sv%3D968%26v%3D20260111%26cb%3Dyw%26e%3D10%26nas%3D1%26sdk%3Db%26p%3D68,16,446,688%26tos%3D0,0,0,0,0%26mtos%3D0,0,0,0,0%26amtos%3D0,0,0,0,0%26mcvt%3D0%26ps%3D1122,0%26scs%3D2048,1152%26bs%3D1122,790%26vht%3D0%26mut%3D0%26a%3D0%26ft%3D0%26dft%3D0%26at%3D0%26dat%3D0%26as%3D0%26vpt%3D0%26gmm%3D4%26efpf%3D2%26nmt%3D0%26tcm%3D1%26bt%3D3%26pst%3D-1%26dur%3D46000%26vmtime%3D0%26dvs%3D0%26dfvs%3D0%26dvpt%3D0%26is%3D33554707%26i0%3D33554707%26ic%3D4096%26cs%3D33558802%26c%3D1%26mc%3D1%26nc%3D1%26mv%3D0%26nv%3D0%26lte%3D1%26ces%26avms%3Dgeo%26qi%3DYIGqYPj9IgpIp07T%26psm%3D1%26psv%3D1%26psfv%3D1%26psa%3D0%26ptlt%3D14477%26pngs%3D9,14,15s%26veid%3Dfmd%3A1%26ssb%3D0,0,0,0,0,0,0,0,0,0,0%26co%3D6441964903%26tm%3D0%26tu%3D0;gv=atos%3D0,0,0,0,0%26avt%3D0%26davs%3D0%26dafvs%3D0%26ss%3D0.1%26t%3D1768486849460;dc_eps=AHas8cAEWbNmGWv1MiZ0FExMjW_XCRcVC0hcr0xCtenc9zfisjP4ZTB2G2fDv4anJUOAbw9UXZcndM4uK3HFfxcYOxt1nIY? by rule: Block Ads
[2026-01-15 16:20:49.726] BLOCKED: https://tpc.googlesyndication.com/pagead/imgad?id=CICAgJCMypCOXRCsAhg8MggIu7-qkw9IiQ by rule: Block Ads
[2026-01-15 16:20:51.517] BLOCKED: https://pagead2.googlesyndication.com/activeview_ext?id=lidarv&dc_pubid=2&dc_exteid=3437745967473344024&acvw=sv%3D968%26v%3D20260111%26cb%3Dyw%26e%3D9%26nas%3D1%26sdk%3Db%26p%3D68,16,446,688%26tos%3D2017,0,0,0,0%26mtos%3D2017,2017,2017,2017,2017%26amtos%3D0,0,0,0,0%26mcvt%3D2017%26ps%3D1122,4150%26scs%3D2048,1152%26bs%3D1122,790%26vht%3D0%26mut%3D0%26a%3D0%26ft%3D0%26dft%3D0%26at%3D0%26dat%3D0%26as%3D0%26vpt%3D2017%26gmm%3D4%26efpf%3D2%26nmt%3D0%26tcm%3D1%26bt%3D33%26pst%3D260%26dur%3D46000%26vmtime%3D2020%26dtos%3D2017%26dtoss%3D1%26dvs%3D2017%26dfvs%3D2017%26dvpt%3D2017%26is%3D33554707%26i0%3D33554707%26ic%3D16777217%26cs%3D50336019%26c%3D1%26mc%3D1%26nc%3D1%26mv%3D0%26nv%3D0%26lte%3D1%26ces%26avms%3Dgeo%26qi%3DYIGqYPj9IgpIp07T%26psm%3D7%26psv%3D7%26psfv%3D7%26psa%3D0%26pnmm%3D176%26ptlt%3D16525%26pngs%3D9,14,15s%26veid%3Dfmd%3A1%26ssb%3D0,0,0,0,0,0,0,0,0,2017,0%26co%3D6441964904%26tm%3D2017%26tu%3D0&gv=atos%3D0,0,0,0,0%26avt%3D0%26davs%3D0%26dafvs%3D0%26dav%3D0%26ss%3D0.1%26t%3D1768486849460&dc_eps=AHas8cAEWbNmGWv1MiZ0FExMjW_XCRcVC0hcr0xCtenc9zfisjP4ZTB2G2fDv4anJUOAbw9UXZcndM4uK3HFfxcYOxt1nIY& by rule: Block Ads
[2026-01-15 16:20:54.110] BLOCKED: https://ade.googlesyndication.com/ddm/activity_ext/dc_pubid=2;dc_exteid=3437745967473344024;met=1;ecn1=1;etm1=0;eid1=149645;acvw=sv%3D968%26v%3D20260111%26cb%3Dyw%26e%3D11%26nas%3D1%26sdk%3Db%26p%3D68,16,446,688%26tos%3D4597,0,0,0,0%26mtos%3D4597,4597,4597,4597,4597%26amtos%3D0,0,0,0,0%26mcvt%3D4597%26ps%3D1122,4150%26scs%3D2048,1152%26bs%3D1122,790%26vht%3D0%26mut%3D0%26a%3D1%26ft%3D0%26dft%3D0%26at%3D0%26dat%3D0%26as%3D0%26vpt%3D4597%26gmm%3D4%26efpf%3D2%26nmt%3D0%26tcm%3D1%26bt%3D37%26pst%3D260%26dur%3D46000%26vmtime%3D4605%26dtos%3D2580%26dtoss%3D2%26dvs%3D2580%26dfvs%3D2580%26dvpt%3D2580%26is%3D343%26i0%3D33554707%26ic%3D8196%26cs%3D50344215%26c%3D1%26mc%3D1%26nc%3D1%26mv%3D1%26nv%3D0%26lte%3D1%26ces%26avms%3Dgeo%26qi%3DYIGqYPj9IgpIp07T%26psm%3D31%26psv%3D31%26psfv%3D31%26psa%3D0%26pnmm%3D359%26ptlt%3D19115%26pngs%3D9s,14,15s%26veid%3Dfmd%3A1%26ssb%3D0,0,0,0,0,0,0,0,0,4597,0%26co%3D6441964905%26tm%3D4597%26tu%3D0;gv=atos%3D0,0,0,0,0%26avt%3D0%26davs%3D0%26dafvs%3D0%26dav%3D0%26ss%3D0.1%26t%3D1768486849460;dc_eps=AHas8cAEWbNmGWv1MiZ0FExMjW_XCRcVC0hcr0xCtenc9zfisjP4ZTB2G2fDv4anJUOAbw9UXZcndM4uK3HFfxcYOxt1nIY? by rule: Block Ads
[2026-01-15 16:20:55.930] BLOCKED: https://ad.doubleclick.net/ddm/activity_ext/dc_pubid=2;dc_exteid=3437745967473344024;met=1;ecn1=1;etm1=0;eid1=1208655;acvw=sv%3D968%26v%3D20260111%26cb%3Dyw%26e%3D8%26nas%3D1%26sdk%3Db%26p%3D68,16,446,688%26p0%3D68,16,446,688%26tos%3D6422,0,0,0,0%26mtos%3D6422,6422,6422,6422,6422%26amtos%3D1825,0,0,0,0%26mcvt%3D6422%26ps%3D1122,4150%26scs%3D2048,1152%26bs%3D1122,790%26vht%3D0%26mut%3D0%26a%3D0.03%26a0%3D0%26ft%3D0%26dft%3D0%26at%3D1825%26dat%3D1825%26as%3D0%26vpt%3D6422%26gmm%3D4%26efpf%3D2%26nmt%3D0%26tcm%3D1%26bt%3D48%26pst%3D260%26dur%3D46000%26vmtime%3D6432%26dtos%3D1825%26dtoss%3D3%26dvs%3D1825%26dfvs%3D1825%26dvpt%3D1825%26is%3D343%26i0%3D33554707%26ic%3D32832%26cs%3D50377047%26c%3D1%26c0%3D1%26mc%3D1%26nc%3D1%26mv%3D1%26nv%3D0%26qmt%3D6422,6422,6422,6422,6422%26qnc%3D1%26qmv%3D1%26qnv%3D0%26lte%3D1%26ces%26avms%3Dgeo%26qi%3DYIGqYPj9IgpIp07T%26psm%3D127%26psv%3D127%26psfv%3D127%26psa%3D96%26pnc%3D2%26pnmm%3D445%26ptlt%3D20938%26pngs%3D9s,14,15s%26veid%3Dfmd%3A1%26ssb%3D0,0,0,0,0,0,0,0,0,6422,0%26ss0%3D0.1%26co%3D6441964918%26tm%3D6422%26tu%3D0;gv=atos%3D1825,1825,1825,1825,1825%26avt%3D1825%26davs%3D1825%26dafvs%3D1825%26dav%3D1825%26ss%3D0.1%26t%3D1768486849460;dc_eps=AHas8cAEWbNmGWv1MiZ0FExMjW_XCRcVC0hcr0xCtenc9zfisjP4ZTB2G2fDv4anJUOAbw9UXZcndM4uK3HFfxcYOxt1nIY;dc_oe=CgwIABUAAAAAHQAAAABIAVii6gJon6bXzQGKAUBodHRwczovL2Jhc2U0NC5jb20vbHAtZW4_Z2FkX3NvdXJjZT0yJmdhZF9jYW1wYWlnbmlkPTIzMTQyNzQ0NjEx?ase=2&nis=6 by rule: Block Ads
[2026-01-15 16:34:25.372] Application starting
[2026-01-15 16:34:25.506] Services configured
[2026-01-15 16:34:25.580] Running EF Core migrations
[2026-01-15 16:34:25.862] Migrations completed successfully
[2026-01-15 16:34:25.864] Database initialized
[2026-01-15 16:34:26.035] BlockingService initialized with 1 active rules
[2026-01-15 16:34:26.036] Blocking service initialized
[2026-01-15 16:34:26.039] Network logger started
[2026-01-15 16:34:26.366] Main window shown - startup complete
[2026-01-15 16:35:23.870] Application starting
[2026-01-15 16:35:24.006] Services configured
[2026-01-15 16:35:24.079] Running EF Core migrations
[2026-01-15 16:35:24.352] Migrations completed successfully
[2026-01-15 16:35:24.353] Database initialized
[2026-01-15 16:35:24.526] BlockingService initialized with 1 active rules
[2026-01-15 16:35:24.526] Blocking service initialized
[2026-01-15 16:35:24.529] Network logger started
[2026-01-15 16:35:24.826] Main window shown - startup complete
[2026-01-15 16:36:48.753] Application starting
[2026-01-15 16:36:48.886] Services configured
[2026-01-15 16:36:48.970] Running EF Core migrations
[2026-01-15 16:36:49.230] Migrations completed successfully
[2026-01-15 16:36:49.231] Database initialized
[2026-01-15 16:36:49.386] BlockingService initialized with 1 active rules
[2026-01-15 16:36:49.386] Blocking service initialized
[2026-01-15 16:36:49.389] Network logger started
[2026-01-15 16:37:27.216] Application starting
[2026-01-15 16:37:27.241] Services configured
[2026-01-15 16:37:27.309] Running EF Core migrations
[2026-01-15 16:37:27.564] Migrations completed successfully
[2026-01-15 16:37:27.565] Database initialized
[2026-01-15 16:37:27.720] BlockingService initialized with 1 active rules
[2026-01-15 16:37:27.720] Blocking service initialized
[2026-01-15 16:37:27.723] Network logger started
[2026-01-15 16:40:12.797] Application starting
[2026-01-15 16:40:12.932] Services configured
[2026-01-15 16:40:13.013] Running EF Core migrations
[2026-01-15 16:40:13.278] Migrations completed successfully
[2026-01-15 16:40:13.279] Database initialized
[2026-01-15 16:40:13.439] BlockingService initialized with 1 active rules
[2026-01-15 16:40:13.439] Blocking service initialized
[2026-01-15 16:40:13.442] Network logger started
[2026-01-15 16:40:13.736] Main window shown - startup complete
[2026-01-15 16:43:04.927] Application starting
[2026-01-15 16:43:05.055] Services configured
[2026-01-15 16:43:05.124] Running EF Core migrations
[2026-01-15 16:43:05.391] Migrations completed successfully
[2026-01-15 16:43:05.392] Database initialized
[2026-01-15 16:43:05.548] BlockingService initialized with 1 active rules
[2026-01-15 16:43:05.548] Blocking service initialized
[2026-01-15 16:43:05.551] Network logger started
[2026-01-15 16:43:05.820] Main window shown - startup complete
[2026-01-15 16:43:15.065] BLOCKED: https://www.googleadservices.com/pagead/conversion/16521530460/?gad_source=1&adview_type=1&adview_query_id=CLSWhfbjjZIDFRpokQUdx1M3TQ by rule: Block Ads
[2026-01-15 16:43:15.133] BLOCKED: https://www.googleadservices.com/pagead/conversion/16521530460/?gad_source=1&adview_type=1&adview_query_id=CLSWhfbjjZIDFRpokQUdx1M3TQ by rule: Block Ads
[2026-01-15 19:44:39.903] Application starting
[2026-01-15 19:44:40.117] Services configured
[2026-01-15 19:44:40.200] Running EF Core migrations
[2026-01-15 19:44:40.599] Migrations completed successfully
[2026-01-15 19:44:40.600] Database initialized
[2026-01-15 19:44:40.750] BlockingService initialized with 1 active rules
[2026-01-15 19:44:40.750] Blocking service initialized
[2026-01-15 19:44:40.753] Network logger started
[2026-01-15 19:44:41.012] Main window shown - startup complete
[2026-01-15 19:44:58.457] BLOCKED: https://www.googleadservices.com/pagead/conversion/16521530460/?gad_source=1&adview_type=1&adview_query_id=CIiyrsSMjpIDFQyWgwcdxcIszQ by rule: Block Ads
[2026-01-15 19:45:01.797] BLOCKED: https://pagead2.googlesyndication.com/getconfig/sodar?tid=pal&tv=1.0 by rule: Block Ads
[2026-01-15 19:45:03.313] BLOCKED: https://match.adsrvr.org/track/rid?ttd_pid=5mvoddd&fmt=json by rule: Block Ads
[2026-01-15 19:45:03.314] BLOCKED: https://c.amazon-adsystem.com/aax2/apstag.js by rule: Block Ads
[2026-01-15 19:45:03.418] BLOCKED: https://ad.doubleclick.net/favicon.ico?ad=300x250&ad_box_=1&adnet=1&showad=1&size=250x250&e=0.26785739538509945 by rule: Block Ads
[2026-01-15 19:45:03.498] BLOCKED: https://ib.adnxs.com/getuidj?gdpr=1&gdpr_consent=CQeELLAQeELLAAcABBENCNFgAP_AAAAAAAwIKdwMIAFAAaABUADMAHwAhABIAC4AGQANIAeAB6AEUAJMATABNACgAFIALYAYYBBgEIAI6AUYBSACtAHcAPYAgEBBwEIAIsAR0AkoBOwCkgFiALSAXUA6oCDAEagJiAToAtGBeQF5gMWAYyAywBl4DVQG6gOCAkiBTsAAABgSAeAAsACoAIIAZABoADwAJgAhABHACtAHcAPYAgABJQF5gN1CABAASAEHAXkAxYdAUAAWABUAEAALoAZABoADwAJgAjgBRgCtAHcAPYAiwBHQCSgFiAXmAywBqoDdRwAUAEgBAICDgIQAmIBixCAKAAsAFwA7gFogNVIAAgCxALyJQCQAFgAkAB4AEwARwAowBWgLzAZYSACgDuAIAAQcBMQDFikA8ABYAFQAQQAyADQAHgATABHACjAFaARYAjoBJQF5gMsAbqUAEgAkABcAO4AgABBwCxAJiAXkAxYtABAHcWAAgJiA.f_gAAAAAAAAA.IKdwMYAFAAaABUADMAHwAhABIAC4AGQANIAeAB6AEUAJMATABNACgAFIALYAYYBBgEIAI6AUYBSACtAHcAPYAgEBBwEIAIsAR0AkoBOwCkgFiALSAXUAz4B1QEGAI1ATEAnQBaMC8gLzAYsAxkBlgDLwGqgN1AcEBJECnYAA by rule: Block Ads
[2026-01-15 19:45:03.854] BLOCKED: https://pagead2.googlesyndication.com/getconfig/sodar?tid=pal&tv=1.0 by rule: Block Ads
[2026-01-15 19:45:03.860] BLOCKED: https://ad.doubleclick.net/favicon.ico?ad=300x250&ad_box_=1&adnet=1&showad=1&size=250x250&e=0.9392625259693721 by rule: Block Ads
[2026-01-15 19:45:03.936] BLOCKED: https://5108982ccd6e506b49209b54eeb3027d.safeframe.googlesyndication.com/safeframe/1-0-45/html/container.html by rule: Block Ads
[2026-01-15 19:45:03.973] BLOCKED: https://fastlane.rubiconproject.com/a/api/fastlane.json?account_id=11016&site_id=78582&zone_id=650178&size_id=2&alt_size_ids=55%2C57&p_pos=atf&gdpr=1&gdpr_consent=CQeELLAQeELLAAcABBENCNFgAP_AAAAAAAwIKdwMIAFAAaABUADMAHwAhABIAC4AGQANIAeAB6AEUAJMATABNACgAFIALYAYYBBgEIAI6AUYBSACtAHcAPYAgEBBwEIAIsAR0AkoBOwCkgFiALSAXUA6oCDAEagJiAToAtGBeQF5gMWAYyAywBl4DVQG6gOCAkiBTsAAABgSAeAAsACoAIIAZABoADwAJgAhABHACtAHcAPYAgABJQF5gN1CABAASAEHAXkAxYdAUAAWABUAEAALoAZABoADwAJgAjgBRgCtAHcAPYAiwBHQCSgFiAXmAywBqoDdRwAUAEgBAICDgIQAmIBixCAKAAsAFwA7gFogNVIAAgCxALyJQCQAFgAkAB4AEwARwAowBWgLzAZYSACgDuAIAAQcBMQDFikA8ABYAFQAQQAyADQAHgATABHACjAFaARYAjoBJQF5gMsAbqUAEgAkABcAO4AgABBwCxAJiAXkAxYtABAHcWAAgJiA.f_gAAAAAAAAA.IKdwMYAFAAaABUADMAHwAhABIAC4AGQANIAeAB6AEUAJMATABNACgAFIALYAYYBBgEIAI6AUYBSACtAHcAPYAgEBBwEIAIsAR0AkoBOwCkgFiALSAXUAz4B1QEGAI1ATEAnQBaMC8gLzAYsAxkBlgDLwGqgN1AcEBJECnYAA&eid_id5-sync.com=ID5*0SUsgDFUZnV9U_MLs4zTcFh56WLXmX3NWj_ThLJXGsP__2lpJ59aAAEBCmk8K7oAe6HO1je08VcN-DgHkkzJ63uEIou0iYuIzv4_ihTx6hd7yDzSWu7mcRFLwKKf3wGXe6mtNqufOynt7ENLeu188HuqENbD60B4I-8KXVZg4DJ7rCD5b2vjciZge6N2YA87e3U6PxwtcHjf2pOK8COddXt2mHPdaAC-qXQqokMUuLh7t7HWGNUB58GKS84LUHiEe5goSoBJV0CRB1CNDUFNfHt6fm0J_X2CkdygepRRH_17fCHl1oor3RWalf3J0aCAe7wMnPjjlVv8NFguQmjIqnu9oGLQ_NDkXulGI8ZsqFI%5E1%5E%5E%5E%5E%5E&rf=https%3A%2F%2Fedition.cnn.com%2F&kw=cnnnews%2Cdailynews%2Cbreakingnews%2Cnewstoday%2Ccurrentevents&tg_i.domain=edition.cnn.com&tg_i.page=https%3A%2F%2Fedition.cnn.com%2F&tg_i.ref=https%3A%2F%2Fedition.cnn.com%2F&tg_i.documentLang=en&tk_flint=pbjs_lite_v9.53.1&x_source.tid=dff68c40-ded8-4252-bf6d-5dd680ffdde9&l_pb_bid_id=3b191611c206c48&p_screen_res=2048x1152&o_ae=1&rp_secure=1&x_imp.ext.tid=e7482fea-4fbc-4673-958d-ae035d22dabd&p_gpid=CNNi%2Fhomepage%2Flanding%23bnr_atf_01&m_ch_ua=%22Microsoft%20Edge%20WebView2%22%7Cv%3D%22143%22%2C%22Microsoft%20Edge%22%7Cv%3D%22143%22%2C%22Chromium%22%7Cv%3D%22143%22%2C%22Not%20A(Brand%22%7Cv%3D%2224%22&m_ch_mobile=%3F0&m_ch_platform=Windows&slots=1&rand=0.6218285239875483 by rule: Block Ads
[2026-01-15 19:45:03.981] BLOCKED: https://ib.adnxs.com/ut/v3/prebid by rule: Block Ads
[2026-01-15 19:45:03.989] BLOCKED: https://ib.adnxs.com/ut/v3/prebid by rule: Block Ads
[2026-01-15 19:45:03.989] BLOCKED: https://fastlane.rubiconproject.com/a/api/fastlane.json?account_id=11016&site_id=78582&zone_id=650178&size_id=2&alt_size_ids=55%2C57&p_pos=btf&gdpr=1&gdpr_consent=CQeELLAQeELLAAcABBENCNFgAP_AAAAAAAwIKdwMIAFAAaABUADMAHwAhABIAC4AGQANIAeAB6AEUAJMATABNACgAFIALYAYYBBgEIAI6AUYBSACtAHcAPYAgEBBwEIAIsAR0AkoBOwCkgFiALSAXUA6oCDAEagJiAToAtGBeQF5gMWAYyAywBl4DVQG6gOCAkiBTsAAABgSAeAAsACoAIIAZABoADwAJgAhABHACtAHcAPYAgABJQF5gN1CABAASAEHAXkAxYdAUAAWABUAEAALoAZABoADwAJgAjgBRgCtAHcAPYAiwBHQCSgFiAXmAywBqoDdRwAUAEgBAICDgIQAmIBixCAKAAsAFwA7gFogNVIAAgCxALyJQCQAFgAkAB4AEwARwAowBWgLzAZYSACgDuAIAAQcBMQDFikA8ABYAFQAQQAyADQAHgATABHACjAFaARYAjoBJQF5gMsAbqUAEgAkABcAO4AgABBwCxAJiAXkAxYtABAHcWAAgJiA.f_gAAAAAAAAA.IKdwMYAFAAaABUADMAHwAhABIAC4AGQANIAeAB6AEUAJMATABNACgAFIALYAYYBBgEIAI6AUYBSACtAHcAPYAgEBBwEIAIsAR0AkoBOwCkgFiALSAXUAz4B1QEGAI1ATEAnQBaMC8gLzAYsAxkBlgDLwGqgN1AcEBJECnYAA&eid_id5-sync.com=ID5*0SUsgDFUZnV9U_MLs4zTcFh56WLXmX3NWj_ThLJXGsP__2lpJ59aAAEBCmk8K7oAe6HO1je08VcN-DgHkkzJ63uEIou0iYuIzv4_ihTx6hd7yDzSWu7mcRFLwKKf3wGXe6mtNqufOynt7ENLeu188HuqENbD60B4I-8KXVZg4DJ7rCD5b2vjciZge6N2YA87e3U6PxwtcHjf2pOK8COddXt2mHPdaAC-qXQqokMUuLh7t7HWGNUB58GKS84LUHiEe5goSoBJV0CRB1CNDUFNfHt6fm0J_X2CkdygepRRH_17fCHl1oor3RWalf3J0aCAe7wMnPjjlVv8NFguQmjIqnu9oGLQ_NDkXulGI8ZsqFI%5E1%5E%5E%5E%5E%5E&rf=https%3A%2F%2Fedition.cnn.com%2F&kw=cnnnews%2Cdailynews%2Cbreakingnews%2Cnewstoday%2Ccurrentevents&tg_i.domain=edition.cnn.com&tg_i.page=https%3A%2F%2Fedition.cnn.com%2F&tg_i.ref=https%3A%2F%2Fedition.cnn.com%2F&tg_i.documentLang=en&tk_flint=pbjs_lite_v9.53.1&x_source.tid=97e33a96-703d-415d-be30-c9442c415425&l_pb_bid_id=3992fdbc9d6f762&p_screen_res=2048x1152&o_ae=1&rp_secure=1&x_imp.ext.tid=080a2a70-7163-485a-9268-4185726e9c47&p_gpid=CNNi%2Fhomepage%2Flanding%23bnr_btf_01&m_ch_ua=%22Microsoft%20Edge%20WebView2%22%7Cv%3D%22143%22%2C%22Microsoft%20Edge%22%7Cv%3D%22143%22%2C%22Chromium%22%7Cv%3D%22143%22%2C%22Not%20A(Brand%22%7Cv%3D%2224%22&m_ch_mobile=%3F0&m_ch_platform=Windows&slots=1&rand=0.5993001914774022 by rule: Block Ads
[2026-01-15 19:45:04.018] BLOCKED: https://grid-bidder.criteo.com/openrtb_2_5/pbjs/auction/request?profileId=207&av=37&wv=9.53.1&cb=34543016340&lsavail=1&networkId=9264 by rule: Block Ads
[2026-01-15 19:45:04.019] BLOCKED: https://direct.adsrvr.org/bid/bidder/wbd by rule: Block Ads
[2026-01-15 19:45:04.019] BLOCKED: https://grid-bidder.criteo.com/openrtb_2_5/pbjs/auction/request?profileId=207&av=37&wv=9.53.1&cb=62334996030&lsavail=1&networkId=9264 by rule: Block Ads
[2026-01-15 19:45:04.020] BLOCKED: https://direct.adsrvr.org/bid/bidder/wbd by rule: Block Ads
[2026-01-15 19:45:04.122] BLOCKED: https://pagead2.googlesyndication.com/getconfig/sodar?tid=pal&tv=1.0 by rule: Block Ads
[2026-01-15 19:45:04.144] BLOCKED: https://hbopenbid.pubmatic.com/translator?source=prebid-client&gzip=1 by rule: Block Ads
[2026-01-15 19:45:04.144] BLOCKED: https://hbopenbid.pubmatic.com/translator?source=prebid-client&gzip=1 by rule: Block Ads
[2026-01-15 19:45:04.155] BLOCKED: https://ib.adnxs.com/ut/v3/prebid by rule: Block Ads
[2026-01-15 19:45:04.156] BLOCKED: https://direct.adsrvr.org/bid/bidder/wbd by rule: Block Ads
[2026-01-15 19:45:04.157] BLOCKED: https://grid-bidder.criteo.com/openrtb_2_5/pbjs/auction/request?profileId=207&av=37&wv=9.53.1&cb=24962915132&lsavail=1&networkId=9264 by rule: Block Ads
[2026-01-15 19:45:04.158] BLOCKED: https://fastlane.rubiconproject.com/a/api/fastlane.json?account_id=11016&site_id=78582&zone_id=650178&size_id=15&p_pos=atf&gdpr=1&gdpr_consent=CQeELLAQeELLAAcABBENCNFgAP_AAAAAAAwIKdwMIAFAAaABUADMAHwAhABIAC4AGQANIAeAB6AEUAJMATABNACgAFIALYAYYBBgEIAI6AUYBSACtAHcAPYAgEBBwEIAIsAR0AkoBOwCkgFiALSAXUA6oCDAEagJiAToAtGBeQF5gMWAYyAywBl4DVQG6gOCAkiBTsAAABgSAeAAsACoAIIAZABoADwAJgAhABHACtAHcAPYAgABJQF5gN1CABAASAEHAXkAxYdAUAAWABUAEAALoAZABoADwAJgAjgBRgCtAHcAPYAiwBHQCSgFiAXmAywBqoDdRwAUAEgBAICDgIQAmIBixCAKAAsAFwA7gFogNVIAAgCxALyJQCQAFgAkAB4AEwARwAowBWgLzAZYSACgDuAIAAQcBMQDFikA8ABYAFQAQQAyADQAHgATABHACjAFaARYAjoBJQF5gMsAbqUAEgAkABcAO4AgABBwCxAJiAXkAxYtABAHcWAAgJiA.f_gAAAAAAAAA.IKdwMYAFAAaABUADMAHwAhABIAC4AGQANIAeAB6AEUAJMATABNACgAFIALYAYYBBgEIAI6AUYBSACtAHcAPYAgEBBwEIAIsAR0AkoBOwCkgFiALSAXUAz4B1QEGAI1ATEAnQBaMC8gLzAYsAxkBlgDLwGqgN1AcEBJECnYAA&eid_id5-sync.com=ID5*0SUsgDFUZnV9U_MLs4zTcFh56WLXmX3NWj_ThLJXGsP__2lpJ59aAAEBCmk8K7oAe6HO1je08VcN-DgHkkzJ63uEIou0iYuIzv4_ihTx6hd7yDzSWu7mcRFLwKKf3wGXe6mtNqufOynt7ENLeu188HuqENbD60B4I-8KXVZg4DJ7rCD5b2vjciZge6N2YA87e3U6PxwtcHjf2pOK8COddXt2mHPdaAC-qXQqokMUuLh7t7HWGNUB58GKS84LUHiEe5goSoBJV0CRB1CNDUFNfHt6fm0J_X2CkdygepRRH_17fCHl1oor3RWalf3J0aCAe7wMnPjjlVv8NFguQmjIqnu9oGLQ_NDkXulGI8ZsqFI%5E1%5E%5E%5E%5E%5E&rf=https%3A%2F%2Fedition.cnn.com%2F&kw=cnnnews%2Cdailynews%2Cbreakingnews%2Cnewstoday%2Ccurrentevents&tg_i.domain=edition.cnn.com&tg_i.page=https%3A%2F%2Fedition.cnn.com%2F&tg_i.ref=https%3A%2F%2Fedition.cnn.com%2F&tg_i.documentLang=en&tk_flint=pbjs_lite_v9.53.1&x_source.tid=16e81235-f338-4067-96c1-dd39bf39fa7b&l_pb_bid_id=55ab190fbb988f3&p_screen_res=2048x1152&o_ae=1&rp_secure=1&x_imp.ext.tid=955984cd-049d-4ac7-8bc8-a941ddb8d830&p_gpid=CNNi%2Fhomepage%2Flanding%23rect_atf_01&m_ch_ua=%22Microsoft%20Edge%20WebView2%22%7Cv%3D%22143%22%2C%22Microsoft%20Edge%22%7Cv%3D%22143%22%2C%22Chromium%22%7Cv%3D%22143%22%2C%22Not%20A(Brand%22%7Cv%3D%2224%22&m_ch_mobile=%3F0&m_ch_platform=Windows&slots=1&rand=0.5449242689492159 by rule: Block Ads
[2026-01-15 19:45:04.162] BLOCKED: https://fastlane.rubiconproject.com/a/api/fastlane.json?account_id=11016&site_id=78582&zone_id=650178&size_id=2&alt_size_ids=55%2C57&p_pos=btf&gdpr=1&gdpr_consent=CQeELLAQeELLAAcABBENCNFgAP_AAAAAAAwIKdwMIAFAAaABUADMAHwAhABIAC4AGQANIAeAB6AEUAJMATABNACgAFIALYAYYBBgEIAI6AUYBSACtAHcAPYAgEBBwEIAIsAR0AkoBOwCkgFiALSAXUA6oCDAEagJiAToAtGBeQF5gMWAYyAywBl4DVQG6gOCAkiBTsAAABgSAeAAsACoAIIAZABoADwAJgAhABHACtAHcAPYAgABJQF5gN1CABAASAEHAXkAxYdAUAAWABUAEAALoAZABoADwAJgAjgBRgCtAHcAPYAiwBHQCSgFiAXmAywBqoDdRwAUAEgBAICDgIQAmIBixCAKAAsAFwA7gFogNVIAAgCxALyJQCQAFgAkAB4AEwARwAowBWgLzAZYSACgDuAIAAQcBMQDFikA8ABYAFQAQQAyADQAHgATABHACjAFaARYAjoBJQF5gMsAbqUAEgAkABcAO4AgABBwCxAJiAXkAxYtABAHcWAAgJiA.f_gAAAAAAAAA.IKdwMYAFAAaABUADMAHwAhABIAC4AGQANIAeAB6AEUAJMATABNACgAFIALYAYYBBgEIAI6AUYBSACtAHcAPYAgEBBwEIAIsAR0AkoBOwCkgFiALSAXUAz4B1QEGAI1ATEAnQBaMC8gLzAYsAxkBlgDLwGqgN1AcEBJECnYAA&eid_id5-sync.com=ID5*0SUsgDFUZnV9U_MLs4zTcFh56WLXmX3NWj_ThLJXGsP__2lpJ59aAAEBCmk8K7oAe6HO1je08VcN-DgHkkzJ63uEIou0iYuIzv4_ihTx6hd7yDzSWu7mcRFLwKKf3wGXe6mtNqufOynt7ENLeu188HuqENbD60B4I-8KXVZg4DJ7rCD5b2vjciZge6N2YA87e3U6PxwtcHjf2pOK8COddXt2mHPdaAC-qXQqokMUuLh7t7HWGNUB58GKS84LUHiEe5goSoBJV0CRB1CNDUFNfHt6fm0J_X2CkdygepRRH_17fCHl1oor3RWalf3J0aCAe7wMnPjjlVv8NFguQmjIqnu9oGLQ_NDkXulGI8ZsqFI%5E1%5E%5E%5E%5E%5E&rf=https%3A%2F%2Fedition.cnn.com%2F&kw=cnnnews%2Cdailynews%2Cbreakingnews%2Cnewstoday%2Ccurrentevents&tg_i.domain=edition.cnn.com&tg_i.page=https%3A%2F%2Fedition.cnn.com%2F&tg_i.ref=https%3A%2F%2Fedition.cnn.com%2F&tg_i.documentLang=en&tk_flint=pbjs_lite_v9.53.1&x_source.tid=ac04fb5c-98b9-4096-97a6-05b28defbfb5&l_pb_bid_id=6162d21722b5a1b8&p_screen_res=2048x1152&o_ae=1&rp_secure=1&x_imp.ext.tid=357c6b26-4220-4490-a4b8-cd76a8df49b6&p_gpid=CNNi%2Fhomepage%2Flanding%23bnr_btf_02&m_ch_ua=%22Microsoft%20Edge%20WebView2%22%7Cv%3D%22143%22%2C%22Microsoft%20Edge%22%7Cv%3D%22143%22%2C%22Chromium%22%7Cv%3D%22143%22%2C%22Not%20A(Brand%22%7Cv%3D%2224%22&m_ch_mobile=%3F0&m_ch_platform=Windows&slots=1&rand=0.1621429463374624 by rule: Block Ads
[2026-01-15 19:45:04.163] BLOCKED: https://direct.adsrvr.org/bid/bidder/wbd by rule: Block Ads
[2026-01-15 19:45:04.165] BLOCKED: https://ib.adnxs.com/ut/v3/prebid by rule: Block Ads
[2026-01-15 19:45:04.166] BLOCKED: https://grid-bidder.criteo.com/openrtb_2_5/pbjs/auction/request?profileId=207&av=37&wv=9.53.1&cb=85570186052&lsavail=1&networkId=9264 by rule: Block Ads
[2026-01-15 19:45:04.171] BLOCKED: https://hbopenbid.pubmatic.com/translator?source=prebid-client&gzip=1 by rule: Block Ads
[2026-01-15 19:45:04.171] BLOCKED: https://hbopenbid.pubmatic.com/translator?source=prebid-client&gzip=1 by rule: Block Ads
[2026-01-15 19:45:04.228] BLOCKED: https://gum.criteo.com/syncframe?origin=publishertagids&topUrl=edition.cnn.com&gdpr=1&gdpr_consent=CQeELLAQeELLAAcABBENCNFgAP_AAAAAAAwIKdwMIAFAAaABUADMAHwAhABIAC4AGQANIAeAB6AEUAJMATABNACgAFIALYAYYBBgEIAI6AUYBSACtAHcAPYAgEBBwEIAIsAR0AkoBOwCkgFiALSAXUA6oCDAEagJiAToAtGBeQF5gMWAYyAywBl4DVQG6gOCAkiBTsAAABgSAeAAsACoAIIAZABoADwAJgAhABHACtAHcAPYAgABJQF5gN1CABAASAEHAXkAxYdAUAAWABUAEAALoAZABoADwAJgAjgBRgCtAHcAPYAiwBHQCSgFiAXmAywBqoDdRwAUAEgBAICDgIQAmIBixCAKAAsAFwA7gFogNVIAAgCxALyJQCQAFgAkAB4AEwARwAowBWgLzAZYSACgDuAIAAQcBMQDFikA8ABYAFQAQQAyADQAHgATABHACjAFaARYAjoBJQF5gMsAbqUAEgAkABcAO4AgABBwCxAJiAXkAxYtABAHcWAAgJiA.f_gAAAAAAAAA.IKdwMYAFAAaABUADMAHwAhABIAC4AGQANIAeAB6AEUAJMATABNACgAFIALYAYYBBgEIAI6AUYBSACtAHcAPYAgEBBwEIAIsAR0AkoBOwCkgFiALSAXUAz4B1QEGAI1ATEAnQBaMC8gLzAYsAxkBlgDLwGqgN1AcEBJECnYAA by rule: Block Ads
[2026-01-15 19:45:04.310] BLOCKED: https://match.adsrvr.org/track/rid?fmt=json&ttd_tpi=1&ttd_pid=1000&gdpr=1&gdpr_consent=CQeELLAQeELLAAcABBENCNFgAP_AAAAAAAwIKdwMIAFAAaABUADMAHwAhABIAC4AGQANIAeAB6AEUAJMATABNACgAFIALYAYYBBgEIAI6AUYBSACtAHcAPYAgEBBwEIAIsAR0AkoBOwCkgFiALSAXUA6oCDAEagJiAToAtGBeQF5gMWAYyAywBl4DVQG6gOCAkiBTsAAABgSAeAAsACoAIIAZABoADwAJgAhABHACtAHcAPYAgABJQF5gN1CABAASAEHAXkAxYdAUAAWABUAEAALoAZABoADwAJgAjgBRgCtAHcAPYAiwBHQCSgFiAXmAywBqoDdRwAUAEgBAICDgIQAmIBixCAKAAsAFwA7gFogNVIAAgCxALyJQCQAFgAkAB4AEwARwAowBWgLzAZYSACgDuAIAAQcBMQDFikA8ABYAFQAQQAyADQAHgATABHACjAFaARYAjoBJQF5gMsAbqUAEgAkABcAO4AgABBwCxAJiAXkAxYtABAHcWAAgJiA.f_gAAAAAAAAA.IKdwMYAFAAaABUADMAHwAhABIAC4AGQANIAeAB6AEUAJMATABNACgAFIALYAYYBBgEIAI6AUYBSACtAHcAPYAgEBBwEIAIsAR0AkoBOwCkgFiALSAXUAz4B1QEGAI1ATEAnQBaMC8gLzAYsAxkBlgDLwGqgN1AcEBJECnYAA by rule: Block Ads
[2026-01-15 19:45:04.311] BLOCKED: https://eus.rubiconproject.com/usync.html?p=20986&endpoint=us-east by rule: Block Ads
[2026-01-15 19:45:04.311] BLOCKED: https://ads.pubmatic.com/AdServer/js/user_sync.html?p=156512 by rule: Block Ads
[2026-01-15 19:45:04.366] BLOCKED: https://direct.adsrvr.org/bid/bidder/wbd by rule: Block Ads
[2026-01-15 19:45:04.368] BLOCKED: https://fastlane.rubiconproject.com/a/api/fastlane.json?account_id=11016&site_id=78582&zone_id=650178&size_id=15&alt_size_ids=10&p_pos=btf&gdpr=1&gdpr_consent=CQeELLAQeELLAAcABBENCNFgAP_AAAAAAAwIKdwMIAFAAaABUADMAHwAhABIAC4AGQANIAeAB6AEUAJMATABNACgAFIALYAYYBBgEIAI6AUYBSACtAHcAPYAgEBBwEIAIsAR0AkoBOwCkgFiALSAXUA6oCDAEagJiAToAtGBeQF5gMWAYyAywBl4DVQG6gOCAkiBTsAAABgSAeAAsACoAIIAZABoADwAJgAhABHACtAHcAPYAgABJQF5gN1CABAASAEHAXkAxYdAUAAWABUAEAALoAZABoADwAJgAjgBRgCtAHcAPYAiwBHQCSgFiAXmAywBqoDdRwAUAEgBAICDgIQAmIBixCAKAAsAFwA7gFogNVIAAgCxALyJQCQAFgAkAB4AEwARwAowBWgLzAZYSACgDuAIAAQcBMQDFikA8ABYAFQAQQAyADQAHgATABHACjAFaARYAjoBJQF5gMsAbqUAEgAkABcAO4AgABBwCxAJiAXkAxYtABAHcWAAgJiA.f_gAAAAAAAAA.IKdwMYAFAAaABUADMAHwAhABIAC4AGQANIAeAB6AEUAJMATABNACgAFIALYAYYBBgEIAI6AUYBSACtAHcAPYAgEBBwEIAIsAR0AkoBOwCkgFiALSAXUAz4B1QEGAI1ATEAnQBaMC8gLzAYsAxkBlgDLwGqgN1AcEBJECnYAA&eid_id5-sync.com=ID5*0SUsgDFUZnV9U_MLs4zTcFh56WLXmX3NWj_ThLJXGsP__2lpJ59aAAEBCmk8K7oAe6HO1je08VcN-DgHkkzJ63uEIou0iYuIzv4_ihTx6hd7yDzSWu7mcRFLwKKf3wGXe6mtNqufOynt7ENLeu188HuqENbD60B4I-8KXVZg4DJ7rCD5b2vjciZge6N2YA87e3U6PxwtcHjf2pOK8COddXt2mHPdaAC-qXQqokMUuLh7t7HWGNUB58GKS84LUHiEe5goSoBJV0CRB1CNDUFNfHt6fm0J_X2CkdygepRRH_17fCHl1oor3RWalf3J0aCAe7wMnPjjlVv8NFguQmjIqnu9oGLQ_NDkXulGI8ZsqFI%5E1%5E%5E%5E%5E%5E&rf=https%3A%2F%2Fedition.cnn.com%2F&kw=cnnnews%2Cdailynews%2Cbreakingnews%2Cnewstoday%2Ccurrentevents&tg_i.domain=edition.cnn.com&tg_i.page=https%3A%2F%2Fedition.cnn.com%2F&tg_i.ref=https%3A%2F%2Fedition.cnn.com%2F&tg_i.documentLang=en&tk_flint=pbjs_lite_v9.53.1&x_source.tid=133d9e52-5913-4d2f-8ec9-1586c57927c1&l_pb_bid_id=90c332257a530e7&p_screen_res=2048x1152&o_ae=1&rp_secure=1&x_imp.ext.tid=dc00e5be-763b-4717-8cbc-007260ffe1f1&p_gpid=CNNi%2Fhomepage%2Flanding%23rect_btf_01&m_ch_ua=%22Microsoft%20Edge%20WebView2%22%7Cv%3D%22143%22%2C%22Microsoft%20Edge%22%7Cv%3D%22143%22%2C%22Chromium%22%7Cv%3D%22143%22%2C%22Not%20A(Brand%22%7Cv%3D%2224%22&m_ch_mobile=%3F0&m_ch_platform=Windows&slots=1&rand=0.6032885616637531 by rule: Block Ads
[2026-01-15 19:45:04.369] BLOCKED: https://ib.adnxs.com/ut/v3/prebid by rule: Block Ads
[2026-01-15 19:45:04.369] BLOCKED: https://grid-bidder.criteo.com/openrtb_2_5/pbjs/auction/request?profileId=207&av=37&wv=9.53.1&cb=14045405238&lsavail=1&networkId=9264 by rule: Block Ads
[2026-01-15 19:45:04.444] BLOCKED: https://hbopenbid.pubmatic.com/translator?source=prebid-client&gzip=1 by rule: Block Ads
[2026-01-15 19:45:04.510] BLOCKED: https://ib.adnxs.com/getuid?https://umto.cnn.com/user-sync?zwmc=$UID&domain=cnn.com by rule: Block Ads
[2026-01-15 19:45:04.511] BLOCKED: https://pixel-us-east.rubiconproject.com/exchange/sync.php?p=cnn by rule: Block Ads
[2026-01-15 19:45:04.764] BLOCKED: https://pagead2.googlesyndication.com/pagead/managed/js/activeview/current/ufs_web_display.js by rule: Block Ads
[2026-01-15 19:45:04.770] BLOCKED: https://ad.doubleclick.net/favicon.ico?ad=300x250&ad_box_=1&adnet=1&showad=1&size=250x250&e=0.2773088030876536 by rule: Block Ads
[2026-01-15 19:45:04.850] BLOCKED: https://tpc.googlesyndication.com/daca_images/simgad/17606231886803496137 by rule: Block Ads
[2026-01-15 19:45:04.850] BLOCKED: https://tpc.googlesyndication.com/pagead/images/adchoices/en.png by rule: Block Ads
[2026-01-15 19:45:04.850] BLOCKED: https://tpc.googlesyndication.com/pagead/images/adchoices/adchoices_blue_wb.png by rule: Block Ads
[2026-01-15 19:45:04.866] BLOCKED: https://pagead2.googlesyndication.com/pagead/gen_204?id=awbid&awbid_b=AKAmf-B48-RzBl7W5ZvsoDaAdk8PfhTzphkggeC2yxTjGGQ3XJW37mRQyL1v4StcnaXmAxJWygm6aA-xnW42yUsc2WVxqzc-uw&pr=13:aWknoAAAAABb7vfM5u5GfLfVdNeOi80p1M1NKw by rule: Block Ads
[2026-01-15 19:45:04.924] BLOCKED: https://pagead2.googlesyndication.com/pagead/ping?e=1 by rule: Block Ads
[2026-01-15 19:45:05.017] BLOCKED: https://tpc.googlesyndication.com/daca_images/simgad/17606231886803496137 by rule: Block Ads
[2026-01-15 19:45:05.017] BLOCKED: https://tpc.googlesyndication.com/pagead/images/adchoices/en.png by rule: Block Ads
[2026-01-15 19:45:05.018] BLOCKED: https://tpc.googlesyndication.com/pagead/images/adchoices/adchoices_blue_wb.png by rule: Block Ads
[2026-01-15 19:45:05.024] BLOCKED: https://direct.adsrvr.org/bid/bidder/wbd by rule: Block Ads
[2026-01-15 19:45:05.026] BLOCKED: https://fastlane.rubiconproject.com/a/api/fastlane.json?account_id=11016&site_id=78582&zone_id=650178&size_id=15&alt_size_ids=10&p_pos=btf&gdpr=1&gdpr_consent=CQeELLAQeELLAAcABBENCNFgAP_AAAAAAAwIKdwMIAFAAaABUADMAHwAhABIAC4AGQANIAeAB6AEUAJMATABNACgAFIALYAYYBBgEIAI6AUYBSACtAHcAPYAgEBBwEIAIsAR0AkoBOwCkgFiALSAXUA6oCDAEagJiAToAtGBeQF5gMWAYyAywBl4DVQG6gOCAkiBTsAAABgSAeAAsACoAIIAZABoADwAJgAhABHACtAHcAPYAgABJQF5gN1CABAASAEHAXkAxYdAUAAWABUAEAALoAZABoADwAJgAjgBRgCtAHcAPYAiwBHQCSgFiAXmAywBqoDdRwAUAEgBAICDgIQAmIBixCAKAAsAFwA7gFogNVIAAgCxALyJQCQAFgAkAB4AEwARwAowBWgLzAZYSACgDuAIAAQcBMQDFikA8ABYAFQAQQAyADQAHgATABHACjAFaARYAjoBJQF5gMsAbqUAEgAkABcAO4AgABBwCxAJiAXkAxYtABAHcWAAgJiA.f_gAAAAAAAAA.IKdwMYAFAAaABUADMAHwAhABIAC4AGQANIAeAB6AEUAJMATABNACgAFIALYAYYBBgEIAI6AUYBSACtAHcAPYAgEBBwEIAIsAR0AkoBOwCkgFiALSAXUAz4B1QEGAI1ATEAnQBaMC8gLzAYsAxkBlgDLwGqgN1AcEBJECnYAA&eid_id5-sync.com=ID5*0SUsgDFUZnV9U_MLs4zTcFh56WLXmX3NWj_ThLJXGsP__2lpJ59aAAEBCmk8K7oAe6HO1je08VcN-DgHkkzJ63uEIou0iYuIzv4_ihTx6hd7yDzSWu7mcRFLwKKf3wGXe6mtNqufOynt7ENLeu188HuqENbD60B4I-8KXVZg4DJ7rCD5b2vjciZge6N2YA87e3U6PxwtcHjf2pOK8COddXt2mHPdaAC-qXQqokMUuLh7t7HWGNUB58GKS84LUHiEe5goSoBJV0CRB1CNDUFNfHt6fm0J_X2CkdygepRRH_17fCHl1oor3RWalf3J0aCAe7wMnPjjlVv8NFguQmjIqnu9oGLQ_NDkXulGI8ZsqFI%5E1%5E%5E%5E%5E%5E&rf=https%3A%2F%2Fedition.cnn.com%2F&kw=cnnnews%2Cdailynews%2Cbreakingnews%2Cnewstoday%2Ccurrentevents&tg_i.domain=edition.cnn.com&tg_i.page=https%3A%2F%2Fedition.cnn.com%2F&tg_i.ref=https%3A%2F%2Fedition.cnn.com%2F&tg_i.documentLang=en&tg_i.pbadslot=%2F8663477%2FCNNi%2Fhomepage%2Flanding%23ad_rect_btf_01&tk_flint=pbjs_lite_v9.53.1&x_source.tid=5799c6b0-2ca2-4a28-b571-4929d9887080&l_pb_bid_id=127b7d193d08133&p_screen_res=2048x1152&o_ae=1&rp_secure=1&x_imp.ext.tid=16294bc0-015e-49e1-b73a-c07ae64bb317&p_gpid=%2F8663477%2FCNNi%2Fhomepage%2Flanding%23ad_rect_btf_01&m_ch_ua=%22Microsoft%20Edge%20WebView2%22%7Cv%3D%22143%22%2C%22Microsoft%20Edge%22%7Cv%3D%22143%22%2C%22Chromium%22%7Cv%3D%22143%22%2C%22Not%20A(Brand%22%7Cv%3D%2224%22&m_ch_mobile=%3F0&m_ch_platform=Windows&slots=1&rand=0.9444001507805836 by rule: Block Ads
[2026-01-15 19:45:05.026] BLOCKED: https://grid-bidder.criteo.com/openrtb_2_5/pbjs/auction/request?profileId=207&av=37&wv=9.53.1&cb=71022481578&lsavail=1&networkId=9264 by rule: Block Ads
[2026-01-15 19:45:05.028] BLOCKED: https://ib.adnxs.com/ut/v3/prebid by rule: Block Ads
[2026-01-15 19:45:05.124] BLOCKED: https://5108982ccd6e506b49209b54eeb3027d.safeframe.googlesyndication.com/safeframe/1-0-45/html/container.html by rule: Block Ads
[2026-01-15 19:45:05.196] BLOCKED: https://5108982ccd6e506b49209b54eeb3027d.safeframe.googlesyndication.com/safeframe/1-0-45/html/container.html by rule: Block Ads
[2026-01-15 19:45:05.198] BLOCKED: https://ad.doubleclick.net/favicon.ico?ad=300x250&ad_box_=1&adnet=1&showad=1&size=250x250&e=0.5579893737014918 by rule: Block Ads
[2026-01-15 19:45:05.214] BLOCKED: https://hbopenbid.pubmatic.com/translator?source=prebid-client&gzip=1 by rule: Block Ads
[2026-01-15 19:45:05.442] BLOCKED: https://tpc.googlesyndication.com/pagead/images/adchoices/en.png by rule: Block Ads
[2026-01-15 19:45:05.442] BLOCKED: https://tpc.googlesyndication.com/simgad/6667336892040350681/14763004658117789537?sqp=4sqPyQSWAUKTAQgAEhQNzczMPhUAAABAHQAAAAAlAAAAABgAIgoNAACAPxUAAIA_Kk8IWhABHQAAtEIgASgBMAY4A0CAwtcvSABQAFgAYFpwAngAgAEAiAEAkAEAnQEAAIA_oAEAqAEAsAGAreIEuAH___________8BxQEtsp0-MhoI9AIQ9QIYASABLQAAAD8wqgI4qgJFAACgPw&rs=AOga4qk06fuoaNx64Ur5pOp8a-j3rUWoWg by rule: Block Ads
[2026-01-15 19:45:05.443] BLOCKED: https://tpc.googlesyndication.com/pagead/images/adchoices/adchoices_blue_wb.png by rule: Block Ads
[2026-01-15 19:45:05.464] BLOCKED: https://tpc.googlesyndication.com/pagead/images/adchoices/en.png by rule: Block Ads
[2026-01-15 19:45:05.464] BLOCKED: https://tpc.googlesyndication.com/pagead/images/adchoices/adchoices_blue_wb.png by rule: Block Ads
[2026-01-15 19:45:05.464] BLOCKED: https://tpc.googlesyndication.com/simgad/6667336892040350681/14763004658117789537?sqp=4sqPyQSWAUKTAQgAEhQNzczMPhUAAABAHQAAAAAlAAAAABgAIgoNAACAPxUAAIA_Kk8IWhABHQAAtEIgASgBMAY4A0CAwtcvSABQAFgAYFpwAngAgAEAiAEAkAEAnQEAAIA_oAEAqAEAsAGAreIEuAH___________8BxQEtsp0-MhoI9AIQ9QIYASABLQAAAD8wqgI4qgJFAACgPw&rs=AOga4qk06fuoaNx64Ur5pOp8a-j3rUWoWg by rule: Block Ads
[2026-01-15 19:45:05.651] BLOCKED: https://ad.doubleclick.net/favicon.ico?ad=300x250&ad_box_=1&adnet=1&showad=1&size=250x250&e=0.9918352792207192 by rule: Block Ads
[2026-01-15 19:45:06.021] BLOCKED: https://fastlane.rubiconproject.com/a/api/fastlane.json?account_id=11016&site_id=78582&zone_id=650178&size_id=15&alt_size_ids=10&p_pos=btf&gdpr=1&gdpr_consent=CQeELLAQeELLAAcABBENCNFgAP_AAAAAAAwIKdwMIAFAAaABUADMAHwAhABIAC4AGQANIAeAB6AEUAJMATABNACgAFIALYAYYBBgEIAI6AUYBSACtAHcAPYAgEBBwEIAIsAR0AkoBOwCkgFiALSAXUA6oCDAEagJiAToAtGBeQF5gMWAYyAywBl4DVQG6gOCAkiBTsAAABgSAeAAsACoAIIAZABoADwAJgAhABHACtAHcAPYAgABJQF5gN1CABAASAEHAXkAxYdAUAAWABUAEAALoAZABoADwAJgAjgBRgCtAHcAPYAiwBHQCSgFiAXmAywBqoDdRwAUAEgBAICDgIQAmIBixCAKAAsAFwA7gFogNVIAAgCxALyJQCQAFgAkAB4AEwARwAowBWgLzAZYSACgDuAIAAQcBMQDFikA8ABYAFQAQQAyADQAHgATABHACjAFaARYAjoBJQF5gMsAbqUAEgAkABcAO4AgABBwCxAJiAXkAxYtABAHcWAAgJiA.f_gAAAAAAAAA.IKdwMYAFAAaABUADMAHwAhABIAC4AGQANIAeAB6AEUAJMATABNACgAFIALYAYYBBgEIAI6AUYBSACtAHcAPYAgEBBwEIAIsAR0AkoBOwCkgFiALSAXUAz4B1QEGAI1ATEAnQBaMC8gLzAYsAxkBlgDLwGqgN1AcEBJECnYAA&eid_id5-sync.com=ID5*0SUsgDFUZnV9U_MLs4zTcFh56WLXmX3NWj_ThLJXGsP__2lpJ59aAAEBCmk8K7oAe6HO1je08VcN-DgHkkzJ63uEIou0iYuIzv4_ihTx6hd7yDzSWu7mcRFLwKKf3wGXe6mtNqufOynt7ENLeu188HuqENbD60B4I-8KXVZg4DJ7rCD5b2vjciZge6N2YA87e3U6PxwtcHjf2pOK8COddXt2mHPdaAC-qXQqokMUuLh7t7HWGNUB58GKS84LUHiEe5goSoBJV0CRB1CNDUFNfHt6fm0J_X2CkdygepRRH_17fCHl1oor3RWalf3J0aCAe7wMnPjjlVv8NFguQmjIqnu9oGLQ_NDkXulGI8ZsqFI%5E1%5E%5E%5E%5E%5E&rf=https%3A%2F%2Fedition.cnn.com%2F&kw=cnnnews%2Cdailynews%2Cbreakingnews%2Cnewstoday%2Ccurrentevents&tg_i.domain=edition.cnn.com&tg_i.page=https%3A%2F%2Fedition.cnn.com%2F&tg_i.ref=https%3A%2F%2Fedition.cnn.com%2F&tg_i.documentLang=en&tg_i.pbadslot=%2F8663477%2FCNNi%2Fhomepage%2Flanding%23ad_rect_btf_01&tk_flint=pbjs_lite_v9.53.1&x_source.tid=3cdfca9f-d787-4066-a8db-a26bbc7310d8&l_pb_bid_id=1395c30c5d1baccb8&p_screen_res=2048x1152&o_ae=1&rp_secure=1&x_imp.ext.tid=97aa22e2-4449-4ae2-89c1-b852b6fb4530&p_gpid=%2F8663477%2FCNNi%2Fhomepage%2Flanding%23ad_rect_btf_01&m_ch_ua=%22Microsoft%20Edge%20WebView2%22%7Cv%3D%22143%22%2C%22Microsoft%20Edge%22%7Cv%3D%22143%22%2C%22Chromium%22%7Cv%3D%22143%22%2C%22Not%20A(Brand%22%7Cv%3D%2224%22&m_ch_mobile=%3F0&m_ch_platform=Windows&slots=1&rand=0.5695851780345084 by rule: Block Ads
[2026-01-15 19:45:06.022] BLOCKED: https://ib.adnxs.com/ut/v3/prebid by rule: Block Ads
[2026-01-15 19:45:06.023] BLOCKED: https://direct.adsrvr.org/bid/bidder/wbd by rule: Block Ads
[2026-01-15 19:45:06.024] BLOCKED: https://grid-bidder.criteo.com/openrtb_2_5/pbjs/auction/request?profileId=207&av=37&wv=9.53.1&cb=88109145068&lsavail=1&networkId=9264 by rule: Block Ads
[2026-01-15 19:45:06.037] BLOCKED: https://hbopenbid.pubmatic.com/translator?source=prebid-client&gzip=1 by rule: Block Ads
[2026-01-15 19:45:06.057] BLOCKED: https://ad.doubleclick.net/favicon.ico?ad=300x250&ad_box_=1&adnet=1&showad=1&size=250x250&e=0.10955568092507784 by rule: Block Ads
[2026-01-15 19:45:06.460] BLOCKED: https://ad.doubleclick.net/favicon.ico?ad=300x250&ad_box_=1&adnet=1&showad=1&size=250x250&e=0.11782353751390617 by rule: Block Ads
[2026-01-15 19:45:07.402] BLOCKED: https://ads.pubmatic.com/AdServer/js/user_sync.html?kdntuid=1&p=160262&gdpr=1&gdpr_consent=CQeELLAQeELLAAcABBENCNFgAP_AAAAAAAwIKdwMIAFAAaABUADMAHwAhABIAC4AGQANIAeAB6AEUAJMATABNACgAFIALYAYYBBgEIAI6AUYBSACtAHcAPYAgEBBwEIAIsAR0AkoBOwCkgFiALSAXUA6oCDAEagJiAToAtGBeQF5gMWAYyAywBl4DVQG6gOCAkiBTsAAABgSAeAAsACoAIIAZABoADwAJgAhABHACtAHcAPYAgABJQF5gN1CABAASAEHAXkAxYdAUAAWABUAEAALoAZABoADwAJgAjgBRgCtAHcAPYAiwBHQCSgFiAXmAywBqoDdRwAUAEgBAICDgIQAmIBixCAKAAsAFwA7gFogNVIAAgCxALyJQCQAFgAkAB4AEwARwAowBWgLzAZYSACgDuAIAAQcBMQDFikA8ABYAFQAQQAyADQAHgATABHACjAFaARYAjoBJQF5gMsAbqUAEgAkABcAO4AgABBwCxAJiAXkAxYtABAHcWAAgJiA.f_gAAAAAAAAA.IKdwMYAFAAaABUADMAHwAhABIAC4AGQANIAeAB6AEUAJMATABNACgAFIALYAYYBBgEIAI6AUYBSACtAHcAPYAgEBBwEIAIsAR0AkoBOwCkgFiALSAXUAz4B1QEGAI1ATEAnQBaMC8gLzAYsAxkBlgDLwGqgN1AcEBJECnYAA by rule: Block Ads
[2026-01-15 19:45:07.402] BLOCKED: https://match.adsrvr.org/track/usersync?us_privacy=&gdpr=1&gdpr_consent=CQeELLAQeELLAAcABBENCNFgAP_AAAAAAAwIKdwMIAFAAaABUADMAHwAhABIAC4AGQANIAeAB6AEUAJMATABNACgAFIALYAYYBBgEIAI6AUYBSACtAHcAPYAgEBBwEIAIsAR0AkoBOwCkgFiALSAXUA6oCDAEagJiAToAtGBeQF5gMWAYyAywBl4DVQG6gOCAkiBTsAAABgSAeAAsACoAIIAZABoADwAJgAhABHACtAHcAPYAgABJQF5gN1CABAASAEHAXkAxYdAUAAWABUAEAALoAZABoADwAJgAjgBRgCtAHcAPYAiwBHQCSgFiAXmAywBqoDdRwAUAEgBAICDgIQAmIBixCAKAAsAFwA7gFogNVIAAgCxALyJQCQAFgAkAB4AEwARwAowBWgLzAZYSACgDuAIAAQcBMQDFikA8ABYAFQAQQAyADQAHgATABHACjAFaARYAjoBJQF5gMsAbqUAEgAkABcAO4AgABBwCxAJiAXkAxYtABAHcWAAgJiA.f_gAAAAAAAAA.IKdwMYAFAAaABUADMAHwAhABIAC4AGQANIAeAB6AEUAJMATABNACgAFIALYAYYBBgEIAI6AUYBSACtAHcAPYAgEBBwEIAIsAR0AkoBOwCkgFiALSAXUAz4B1QEGAI1ATEAnQBaMC8gLzAYsAxkBlgDLwGqgN1AcEBJECnYAA&ust=image by rule: Block Ads
[2026-01-15 19:45:07.402] BLOCKED: https://acdn.adnxs.com/dmp/async_usersync.html by rule: Block Ads
[2026-01-15 19:45:07.403] BLOCKED: https://eus.rubiconproject.com/usync.html?gdpr=1&gdpr_consent=CQeELLAQeELLAAcABBENCNFgAP_AAAAAAAwIKdwMIAFAAaABUADMAHwAhABIAC4AGQANIAeAB6AEUAJMATABNACgAFIALYAYYBBgEIAI6AUYBSACtAHcAPYAgEBBwEIAIsAR0AkoBOwCkgFiALSAXUA6oCDAEagJiAToAtGBeQF5gMWAYyAywBl4DVQG6gOCAkiBTsAAABgSAeAAsACoAIIAZABoADwAJgAhABHACtAHcAPYAgABJQF5gN1CABAASAEHAXkAxYdAUAAWABUAEAALoAZABoADwAJgAjgBRgCtAHcAPYAiwBHQCSgFiAXmAywBqoDdRwAUAEgBAICDgIQAmIBixCAKAAsAFwA7gFogNVIAAgCxALyJQCQAFgAkAB4AEwARwAowBWgLzAZYSACgDuAIAAQcBMQDFikA8ABYAFQAQQAyADQAHgATABHACjAFaARYAjoBJQF5gMsAbqUAEgAkABcAO4AgABBwCxAJiAXkAxYtABAHcWAAgJiA.f_gAAAAAAAAA.IKdwMYAFAAaABUADMAHwAhABIAC4AGQANIAeAB6AEUAJMATABNACgAFIALYAYYBBgEIAI6AUYBSACtAHcAPYAgEBBwEIAIsAR0AkoBOwCkgFiALSAXUAz4B1QEGAI1ATEAnQBaMC8gLzAYsAxkBlgDLwGqgN1AcEBJECnYAA by rule: Block Ads
[2026-01-15 19:45:07.403] BLOCKED: https://gum.criteo.com/syncframe?origin=criteoPrebidAdapter&topUrl=edition.cnn.com&gdpr=1&gdpr_consent=CQeELLAQeELLAAcABBENCNFgAP_AAAAAAAwIKdwMIAFAAaABUADMAHwAhABIAC4AGQANIAeAB6AEUAJMATABNACgAFIALYAYYBBgEIAI6AUYBSACtAHcAPYAgEBBwEIAIsAR0AkoBOwCkgFiALSAXUA6oCDAEagJiAToAtGBeQF5gMWAYyAywBl4DVQG6gOCAkiBTsAAABgSAeAAsACoAIIAZABoADwAJgAhABHACtAHcAPYAgABJQF5gN1CABAASAEHAXkAxYdAUAAWABUAEAALoAZABoADwAJgAjgBRgCtAHcAPYAiwBHQCSgFiAXmAywBqoDdRwAUAEgBAICDgIQAmIBixCAKAAsAFwA7gFogNVIAAgCxALyJQCQAFgAkAB4AEwARwAowBWgLzAZYSACgDuAIAAQcBMQDFikA8ABYAFQAQQAyADQAHgATABHACjAFaARYAjoBJQF5gMsAbqUAEgAkABcAO4AgABBwCxAJiAXkAxYtABAHcWAAgJiA.f_gAAAAAAAAA.IKdwMYAFAAaABUADMAHwAhABIAC4AGQANIAeAB6AEUAJMATABNACgAFIALYAYYBBgEIAI6AUYBSACtAHcAPYAgEBBwEIAIsAR0AkoBOwCkgFiALSAXUAz4B1QEGAI1ATEAnQBaMC8gLzAYsAxkBlgDLwGqgN1AcEBJECnYAA&gpp= by rule: Block Ads
[2026-01-15 19:45:10.082] BLOCKED: https://hbopenbid.pubmatic.com/translator? by rule: Block Ads
[2026-01-15 19:45:10.084] BLOCKED: https://direct.adsrvr.org/bid/bidder/wunderkind by rule: Block Ads
[2026-01-15 19:45:10.209] BLOCKED: https://bidder.criteo.com/cdb?ptv=164&profileId=184&cb=81911022994 by rule: Block Ads
[2026-01-15 19:45:10.210] BLOCKED: https://bidder.criteo.com/cdb?ptv=164&profileId=184&cb=12927777073 by rule: Block Ads
[2026-01-15 19:45:10.210] BLOCKED: https://bidder.criteo.com/cdb?ptv=164&profileId=184&cb=24976479277 by rule: Block Ads
[2026-01-15 19:45:27.106] BLOCKED: https://www.googleadservices.com/pagead/conversion/16521530460/?gad_source=1&adview_type=1&adview_query_id=CJXu-dGMjpIDFZfOPAIdGKs6JA by rule: Block Ads
[2026-01-15 19:45:36.736] BLOCKED: https://tpc.googlesyndication.com/sodar/56-y-0RG.js by rule: Block Ads
[2026-01-15 19:45:37.153] BLOCKED: https://tpc.googlesyndication.com/pagead/imgad?id=CICAgOC3wKbrdBCsAhg8MghAM9Ax1YdiEA by rule: Block Ads
[2026-01-15 19:46:15.452] Opening Rule Manager
[2026-01-15 19:46:21.353] Rule Manager closed
[2026-01-15 19:46:43.144] BLOCKED: https://www.googleadservices.com/pagead/conversion/16521530460/?gad_source=1&adview_type=1&adview_query_id=CKzYofaMjpIDFSWRgwcdnlU1QQ by rule: Block Ads
[2026-01-15 19:46:43.324] BLOCKED: https://www.googleadservices.com/pagead/conversion/16521530460/?gad_source=1&adview_type=1&adview_query_id=CKzYofaMjpIDFSWRgwcdnlU1QQ by rule: Block Ads
[2026-01-15 19:46:47.169] BLOCKED: https://s.amazon-adsystem.com/iu3?d=amazon.com&slot=navFooter&a2=0101dc9b8419b312614e3efd3dbff8e00b7da801d19c5c8c2e9863848b3c6bfb3b4d&old_oo=0&ts=1768499206086&s=ATfc3aykIlG9c8g7SRyiFeEidvZ17yje6HTQEIMB_JvA&gdpr_consent=&gdpr_consent_avl=&cb=1768499206086 by rule: Block Ads
[2026-01-15 19:46:49.504] BLOCKED: https://s.amazon-adsystem.com/iu3?d=amazon.com&slot=navFooter&a2=0101dc9b8419b312614e3efd3dbff8e00b7da801d19c5c8c2e9863848b3c6bfb3b4d&old_oo=0&ts=1768499208788&s=AeZfV3bEtJzS85LKero2UxgbtbGNTcBaGb11fJR4RbCq&gdpr_consent=&gdpr_consent_avl=&cb=1768499208788 by rule: Block Ads
[2026-01-15 19:46:57.690] BLOCKED: https://s.amazon-adsystem.com/iu3?d=amazon.com&slot=navFooter&a2=0101dc9b8419b312614e3efd3dbff8e00b7da801d19c5c8c2e9863848b3c6bfb3b4d&old_oo=0&ts=1768499208788&s=AeZfV3bEtJzS85LKero2UxgbtbGNTcBaGb11fJR4RbCq&gdpr_consent=&gdpr_consent_avl=&cb=1768499208788 by rule: Block Ads
[2026-01-15 19:48:35.368] BLOCKED: https://www.googleadservices.com/pagead/conversion/16521530460/?gad_source=1&adview_type=1&adview_query_id=COLVx6uNjpIDFbM0gwMdNSw6Ow by rule: Block Ads
[2026-01-15 19:48:36.884] BLOCKED: https://match.adsrvr.org/track/rid?ttd_pid=5mvoddd&fmt=json by rule: Block Ads
[2026-01-15 19:48:36.885] BLOCKED: https://c.amazon-adsystem.com/aax2/apstag.js by rule: Block Ads
[2026-01-15 19:48:36.954] BLOCKED: https://fastlane.rubiconproject.com/a/api/fastlane.json?account_id=11016&site_id=78582&zone_id=650178&size_id=2&alt_size_ids=55%2C57&p_pos=atf&gdpr=1&gdpr_consent=CQeELLAQeELLAAcABBENCNFgAP_AAAAAAAwIKdwMIAFAAaABUADMAHwAhABIAC4AGQANIAeAB6AEUAJMATABNACgAFIALYAYYBBgEIAI6AUYBSACtAHcAPYAgEBBwEIAIsAR0AkoBOwCkgFiALSAXUA6oCDAEagJiAToAtGBeQF5gMWAYyAywBl4DVQG6gOCAkiBTsAAABgSAeAAsACoAIIAZABoADwAJgAhABHACtAHcAPYAgABJQF5gN1CABAASAEHAXkAxYdAUAAWABUAEAALoAZABoADwAJgAjgBRgCtAHcAPYAiwBHQCSgFiAXmAywBqoDdRwAUAEgBAICDgIQAmIBixCAKAAsAFwA7gFogNVIAAgCxALyJQCQAFgAkAB4AEwARwAowBWgLzAZYSACgDuAIAAQcBMQDFikA8ABYAFQAQQAyADQAHgATABHACjAFaARYAjoBJQF5gMsAbqUAEgAkABcAO4AgABBwCxAJiAXkAxYtABAHcWAAgJiA.f_gAAAAAAAAA.IKdwMYAFAAaABUADMAHwAhABIAC4AGQANIAeAB6AEUAJMATABNACgAFIALYAYYBBgEIAI6AUYBSACtAHcAPYAgEBBwEIAIsAR0AkoBOwCkgFiALSAXUAz4B1QEGAI1ATEAnQBaMC8gLzAYsAxkBlgDLwGqgN1AcEBJECnYAA&eid_id5-sync.com=ID5*0SUsgDFUZnV9U_MLs4zTcFh56WLXmX3NWj_ThLJXGsP__2lpJ59aAAEBCmk8K7oAe6HO1je08VcN-DgHkkzJ63uEIou0iYuIzv4_ihTx6hd7yDzSWu7mcRFLwKKf3wGXe6mtNqufOynt7ENLeu188HuqENbD60B4I-8KXVZg4DJ7rCD5b2vjciZge6N2YA87e3U6PxwtcHjf2pOK8COddXt2mHPdaAC-qXQqokMUuLh7t7HWGNUB58GKS84LUHiEe5goSoBJV0CRB1CNDUFNfHt6fm0J_X2CkdygepRRH_17fCHl1oor3RWalf3J0aCAe7wMnPjjlVv8NFguQmjIqnu9oGLQ_NDkXulGI8ZsqFI%5E1%5E%5E%5E%5E%5E&rf=https%3A%2F%2Fedition.cnn.com%2F&kw=cnnnews%2Cdailynews%2Cbreakingnews%2Cnewstoday%2Ccurrentevents&tg_i.domain=edition.cnn.com&tg_i.page=https%3A%2F%2Fedition.cnn.com%2F&tg_i.ref=https%3A%2F%2Fwww.google.com%2F&tg_i.documentLang=en&tk_flint=pbjs_lite_v9.53.1&x_source.tid=0d5993f8-ed3a-466f-ac8c-c479b22d0981&l_pb_bid_id=3ff034395462f5&p_screen_res=2048x1152&o_ae=1&rp_secure=1&x_imp.ext.tid=4376f922-d0b0-4034-a1f7-f53406e7f879&p_gpid=CNNi%2Fhomepage%2Flanding%23bnr_atf_01&m_ch_ua=%22Microsoft%20Edge%20WebView2%22%7Cv%3D%22143%22%2C%22Microsoft%20Edge%22%7Cv%3D%22143%22%2C%22Chromium%22%7Cv%3D%22143%22%2C%22Not%20A(Brand%22%7Cv%3D%2224%22&m_ch_mobile=%3F0&m_ch_platform=Windows&slots=1&rand=0.009147014934330011 by rule: Block Ads
[2026-01-15 19:48:36.965] BLOCKED: https://fastlane.rubiconproject.com/a/api/fastlane.json?account_id=11016&site_id=78582&zone_id=650178&size_id=2&alt_size_ids=55%2C57&p_pos=btf&gdpr=1&gdpr_consent=CQeELLAQeELLAAcABBENCNFgAP_AAAAAAAwIKdwMIAFAAaABUADMAHwAhABIAC4AGQANIAeAB6AEUAJMATABNACgAFIALYAYYBBgEIAI6AUYBSACtAHcAPYAgEBBwEIAIsAR0AkoBOwCkgFiALSAXUA6oCDAEagJiAToAtGBeQF5gMWAYyAywBl4DVQG6gOCAkiBTsAAABgSAeAAsACoAIIAZABoADwAJgAhABHACtAHcAPYAgABJQF5gN1CABAASAEHAXkAxYdAUAAWABUAEAALoAZABoADwAJgAjgBRgCtAHcAPYAiwBHQCSgFiAXmAywBqoDdRwAUAEgBAICDgIQAmIBixCAKAAsAFwA7gFogNVIAAgCxALyJQCQAFgAkAB4AEwARwAowBWgLzAZYSACgDuAIAAQcBMQDFikA8ABYAFQAQQAyADQAHgATABHACjAFaARYAjoBJQF5gMsAbqUAEgAkABcAO4AgABBwCxAJiAXkAxYtABAHcWAAgJiA.f_gAAAAAAAAA.IKdwMYAFAAaABUADMAHwAhABIAC4AGQANIAeAB6AEUAJMATABNACgAFIALYAYYBBgEIAI6AUYBSACtAHcAPYAgEBBwEIAIsAR0AkoBOwCkgFiALSAXUAz4B1QEGAI1ATEAnQBaMC8gLzAYsAxkBlgDLwGqgN1AcEBJECnYAA&eid_id5-sync.com=ID5*0SUsgDFUZnV9U_MLs4zTcFh56WLXmX3NWj_ThLJXGsP__2lpJ59aAAEBCmk8K7oAe6HO1je08VcN-DgHkkzJ63uEIou0iYuIzv4_ihTx6hd7yDzSWu7mcRFLwKKf3wGXe6mtNqufOynt7ENLeu188HuqENbD60B4I-8KXVZg4DJ7rCD5b2vjciZge6N2YA87e3U6PxwtcHjf2pOK8COddXt2mHPdaAC-qXQqokMUuLh7t7HWGNUB58GKS84LUHiEe5goSoBJV0CRB1CNDUFNfHt6fm0J_X2CkdygepRRH_17fCHl1oor3RWalf3J0aCAe7wMnPjjlVv8NFguQmjIqnu9oGLQ_NDkXulGI8ZsqFI%5E1%5E%5E%5E%5E%5E&rf=https%3A%2F%2Fedition.cnn.com%2F&kw=cnnnews%2Cdailynews%2Cbreakingnews%2Cnewstoday%2Ccurrentevents&tg_i.domain=edition.cnn.com&tg_i.page=https%3A%2F%2Fedition.cnn.com%2F&tg_i.ref=https%3A%2F%2Fwww.google.com%2F&tg_i.documentLang=en&tk_flint=pbjs_lite_v9.53.1&x_source.tid=79bb04df-2bff-40da-8de2-8759bdb88a4e&l_pb_bid_id=2997669c900417d8&p_screen_res=2048x1152&o_ae=1&rp_secure=1&x_imp.ext.tid=a3d04d7b-1087-477e-87e6-f17f06b9d4eb&p_gpid=CNNi%2Fhomepage%2Flanding%23bnr_btf_01&m_ch_ua=%22Microsoft%20Edge%20WebView2%22%7Cv%3D%22143%22%2C%22Microsoft%20Edge%22%7Cv%3D%22143%22%2C%22Chromium%22%7Cv%3D%22143%22%2C%22Not%20A(Brand%22%7Cv%3D%2224%22&m_ch_mobile=%3F0&m_ch_platform=Windows&slots=1&rand=0.3184991150211488 by rule: Block Ads
[2026-01-15 19:48:37.006] BLOCKED: https://ib.adnxs.com/ut/v3/prebid by rule: Block Ads
[2026-01-15 19:48:37.007] BLOCKED: https://grid-bidder.criteo.com/openrtb_2_5/pbjs/auction/request?profileId=207&av=37&wv=9.53.1&cb=24086295764&lsavail=1&networkId=9264 by rule: Block Ads
[2026-01-15 19:48:37.007] BLOCKED: https://direct.adsrvr.org/bid/bidder/wbd by rule: Block Ads
[2026-01-15 19:48:37.008] BLOCKED: https://direct.adsrvr.org/bid/bidder/wbd by rule: Block Ads
[2026-01-15 19:48:37.008] BLOCKED: https://ib.adnxs.com/ut/v3/prebid by rule: Block Ads
[2026-01-15 19:48:37.009] BLOCKED: https://grid-bidder.criteo.com/openrtb_2_5/pbjs/auction/request?profileId=207&av=37&wv=9.53.1&cb=97551111762&lsavail=1&networkId=9264 by rule: Block Ads
[2026-01-15 19:48:37.042] BLOCKED: https://hbopenbid.pubmatic.com/translator?source=prebid-client&gzip=1 by rule: Block Ads
[2026-01-15 19:48:37.042] BLOCKED: https://hbopenbid.pubmatic.com/translator?source=prebid-client&gzip=1 by rule: Block Ads
[2026-01-15 19:48:37.067] BLOCKED: https://ad.doubleclick.net/favicon.ico?ad=300x250&ad_box_=1&adnet=1&showad=1&size=250x250&e=0.04455941853120016 by rule: Block Ads
[2026-01-15 19:48:37.249] BLOCKED: https://fastlane.rubiconproject.com/a/api/fastlane.json?account_id=11016&site_id=78582&zone_id=650178&size_id=15&p_pos=atf&gdpr=1&gdpr_consent=CQeELLAQeELLAAcABBENCNFgAP_AAAAAAAwIKdwMIAFAAaABUADMAHwAhABIAC4AGQANIAeAB6AEUAJMATABNACgAFIALYAYYBBgEIAI6AUYBSACtAHcAPYAgEBBwEIAIsAR0AkoBOwCkgFiALSAXUA6oCDAEagJiAToAtGBeQF5gMWAYyAywBl4DVQG6gOCAkiBTsAAABgSAeAAsACoAIIAZABoADwAJgAhABHACtAHcAPYAgABJQF5gN1CABAASAEHAXkAxYdAUAAWABUAEAALoAZABoADwAJgAjgBRgCtAHcAPYAiwBHQCSgFiAXmAywBqoDdRwAUAEgBAICDgIQAmIBixCAKAAsAFwA7gFogNVIAAgCxALyJQCQAFgAkAB4AEwARwAowBWgLzAZYSACgDuAIAAQcBMQDFikA8ABYAFQAQQAyADQAHgATABHACjAFaARYAjoBJQF5gMsAbqUAEgAkABcAO4AgABBwCxAJiAXkAxYtABAHcWAAgJiA.f_gAAAAAAAAA.IKdwMYAFAAaABUADMAHwAhABIAC4AGQANIAeAB6AEUAJMATABNACgAFIALYAYYBBgEIAI6AUYBSACtAHcAPYAgEBBwEIAIsAR0AkoBOwCkgFiALSAXUAz4B1QEGAI1ATEAnQBaMC8gLzAYsAxkBlgDLwGqgN1AcEBJECnYAA&eid_id5-sync.com=ID5*0SUsgDFUZnV9U_MLs4zTcFh56WLXmX3NWj_ThLJXGsP__2lpJ59aAAEBCmk8K7oAe6HO1je08VcN-DgHkkzJ63uEIou0iYuIzv4_ihTx6hd7yDzSWu7mcRFLwKKf3wGXe6mtNqufOynt7ENLeu188HuqENbD60B4I-8KXVZg4DJ7rCD5b2vjciZge6N2YA87e3U6PxwtcHjf2pOK8COddXt2mHPdaAC-qXQqokMUuLh7t7HWGNUB58GKS84LUHiEe5goSoBJV0CRB1CNDUFNfHt6fm0J_X2CkdygepRRH_17fCHl1oor3RWalf3J0aCAe7wMnPjjlVv8NFguQmjIqnu9oGLQ_NDkXulGI8ZsqFI%5E1%5E%5E%5E%5E%5E&rf=https%3A%2F%2Fedition.cnn.com%2F&kw=cnnnews%2Cdailynews%2Cbreakingnews%2Cnewstoday%2Ccurrentevents&tg_i.domain=edition.cnn.com&tg_i.page=https%3A%2F%2Fedition.cnn.com%2F&tg_i.ref=https%3A%2F%2Fwww.google.com%2F&tg_i.documentLang=en&tk_flint=pbjs_lite_v9.53.1&x_source.tid=6efd8d30-1e43-4f62-b6a7-c877d295d345&l_pb_bid_id=45661059001f37f&p_screen_res=2048x1152&o_ae=1&rp_secure=1&x_imp.ext.tid=727adddd-1f3a-405b-8664-7db63e57e450&p_gpid=CNNi%2Fhomepage%2Flanding%23rect_atf_01&m_ch_ua=%22Microsoft%20Edge%20WebView2%22%7Cv%3D%22143%22%2C%22Microsoft%20Edge%22%7Cv%3D%22143%22%2C%22Chromium%22%7Cv%3D%22143%22%2C%22Not%20A(Brand%22%7Cv%3D%2224%22&m_ch_mobile=%3F0&m_ch_platform=Windows&slots=1&rand=0.240981486814135 by rule: Block Ads
[2026-01-15 19:48:37.249] BLOCKED: https://direct.adsrvr.org/bid/bidder/wbd by rule: Block Ads
[2026-01-15 19:48:37.252] BLOCKED: https://grid-bidder.criteo.com/openrtb_2_5/pbjs/auction/request?profileId=207&av=37&wv=9.53.1&cb=87997881812&lsavail=1&networkId=9264 by rule: Block Ads
[2026-01-15 19:48:37.255] BLOCKED: https://ib.adnxs.com/ut/v3/prebid by rule: Block Ads
[2026-01-15 19:48:37.262] BLOCKED: https://hbopenbid.pubmatic.com/translator?source=prebid-client&gzip=1 by rule: Block Ads
[2026-01-15 19:48:37.340] BLOCKED: https://45d7c74d606e0d27955afe570e14d0a6.safeframe.googlesyndication.com/safeframe/1-0-45/html/container.html by rule: Block Ads
[2026-01-15 19:48:37.497] BLOCKED: https://ad.doubleclick.net/favicon.ico?ad=300x250&ad_box_=1&adnet=1&showad=1&size=250x250&e=0.4296571973900586 by rule: Block Ads
[2026-01-15 19:48:37.504] BLOCKED: https://pagead2.googlesyndication.com/getconfig/sodar?tid=pal&tv=1.0 by rule: Block Ads
[2026-01-15 19:48:37.536] BLOCKED: https://match.adsrvr.org/track/rid?fmt=json&ttd_tpi=1&ttd_pid=1000&gdpr=1&gdpr_consent=CQeELLAQeELLAAcABBENCNFgAP_AAAAAAAwIKdwMIAFAAaABUADMAHwAhABIAC4AGQANIAeAB6AEUAJMATABNACgAFIALYAYYBBgEIAI6AUYBSACtAHcAPYAgEBBwEIAIsAR0AkoBOwCkgFiALSAXUA6oCDAEagJiAToAtGBeQF5gMWAYyAywBl4DVQG6gOCAkiBTsAAABgSAeAAsACoAIIAZABoADwAJgAhABHACtAHcAPYAgABJQF5gN1CABAASAEHAXkAxYdAUAAWABUAEAALoAZABoADwAJgAjgBRgCtAHcAPYAiwBHQCSgFiAXmAywBqoDdRwAUAEgBAICDgIQAmIBixCAKAAsAFwA7gFogNVIAAgCxALyJQCQAFgAkAB4AEwARwAowBWgLzAZYSACgDuAIAAQcBMQDFikA8ABYAFQAQQAyADQAHgATABHACjAFaARYAjoBJQF5gMsAbqUAEgAkABcAO4AgABBwCxAJiAXkAxYtABAHcWAAgJiA.f_gAAAAAAAAA.IKdwMYAFAAaABUADMAHwAhABIAC4AGQANIAeAB6AEUAJMATABNACgAFIALYAYYBBgEIAI6AUYBSACtAHcAPYAgEBBwEIAIsAR0AkoBOwCkgFiALSAXUAz4B1QEGAI1ATEAnQBaMC8gLzAYsAxkBlgDLwGqgN1AcEBJECnYAA by rule: Block Ads
[2026-01-15 19:48:37.595] BLOCKED: https://ib.adnxs.com/getuid?https://umto.cnn.com/user-sync?zwmc=$UID&domain=cnn.com by rule: Block Ads
[2026-01-15 19:48:37.595] BLOCKED: https://pixel-us-east.rubiconproject.com/exchange/sync.php?p=cnn by rule: Block Ads
[2026-01-15 19:48:37.668] BLOCKED: https://pagead2.googlesyndication.com/getconfig/sodar?tid=pal&tv=1.0 by rule: Block Ads
[2026-01-15 19:48:37.891] BLOCKED: https://pagead2.googlesyndication.com/pagead/managed/js/activeview/current/ufs_web_display.js by rule: Block Ads
[2026-01-15 19:48:37.908] BLOCKED: https://pagead2.googlesyndication.com/pagead/gen_204?id=awbid&awbid_b=AKAmf-DHJRNRIvfyY1QeZvUr3BGH1gxviyOZmV1sc_uHbNO_slUOecZO30wo1n5HPWvokcns7644LyOZ63y62NuGVx4uaJJsqw&pr=13:aWkodQAAAAB4xK7xQIjNUzEcaqZ4qWz_HS-rRA by rule: Block Ads
[2026-01-15 19:48:37.978] BLOCKED: https://tpc.googlesyndication.com/daca_images/simgad/2771345385311286029 by rule: Block Ads
[2026-01-15 19:48:37.978] BLOCKED: https://tpc.googlesyndication.com/pagead/images/adchoices/adchoices_blue_wb.png by rule: Block Ads
[2026-01-15 19:48:37.978] BLOCKED: https://tpc.googlesyndication.com/pagead/images/adchoices/en.png by rule: Block Ads
[2026-01-15 19:48:37.995] BLOCKED: https://tpc.googlesyndication.com/daca_images/simgad/2771345385311286029 by rule: Block Ads
[2026-01-15 19:48:37.996] BLOCKED: https://tpc.googlesyndication.com/pagead/images/adchoices/en.png by rule: Block Ads
[2026-01-15 19:48:37.996] BLOCKED: https://tpc.googlesyndication.com/pagead/images/adchoices/adchoices_blue_wb.png by rule: Block Ads
[2026-01-15 19:48:38.067] BLOCKED: https://tpc.googlesyndication.com/pagead/js/r20260114/r20110914/abg_lite_fy2021.js by rule: Block Ads
[2026-01-15 19:48:38.068] BLOCKED: https://tpc.googlesyndication.com/pagead/js/r20260114/r20110914/client/window_focus_fy2021.js by rule: Block Ads
[2026-01-15 19:48:38.068] BLOCKED: https://pagead2.googlesyndication.com/pagead/managed/js/activeview/current/ufs_web_display.js by rule: Block Ads
[2026-01-15 19:48:38.068] BLOCKED: https://tpc.googlesyndication.com/simgad/14963929912984102003 by rule: Block Ads
[2026-01-15 19:48:38.219] BLOCKED: https://ad.doubleclick.net/favicon.ico?ad=300x250&ad_box_=1&adnet=1&showad=1&size=250x250&e=0.7432915789302941 by rule: Block Ads
[2026-01-15 19:48:38.319] BLOCKED: https://pagead2.googlesyndication.com/pagead/ping?e=1 by rule: Block Ads
[2026-01-15 19:48:38.622] BLOCKED: https://ad.doubleclick.net/favicon.ico?ad=300x250&ad_box_=1&adnet=1&showad=1&size=250x250&e=0.26114267703828364 by rule: Block Ads
[2026-01-15 19:48:39.028] BLOCKED: https://ad.doubleclick.net/favicon.ico?ad=300x250&ad_box_=1&adnet=1&showad=1&size=250x250&e=0.529925961016156 by rule: Block Ads
[2026-01-15 19:48:40.948] BLOCKED: https://match.adsrvr.org/track/rid?ttd_pid=5mvoddd&fmt=json by rule: Block Ads
[2026-01-15 19:48:40.949] BLOCKED: https://c.amazon-adsystem.com/aax2/apstag.js by rule: Block Ads
[2026-01-15 19:48:40.977] BLOCKED: https://ad.doubleclick.net/favicon.ico?ad=300x250&ad_box_=1&adnet=1&showad=1&size=250x250&e=0.6119590284323124 by rule: Block Ads
[2026-01-15 19:48:41.003] BLOCKED: https://fastlane.rubiconproject.com/a/api/fastlane.json?account_id=11016&site_id=78582&zone_id=650178&size_id=2&alt_size_ids=55%2C57&p_pos=atf&gdpr=1&gdpr_consent=CQeELLAQeELLAAcABBENCNFgAP_AAAAAAAwIKdwMIAFAAaABUADMAHwAhABIAC4AGQANIAeAB6AEUAJMATABNACgAFIALYAYYBBgEIAI6AUYBSACtAHcAPYAgEBBwEIAIsAR0AkoBOwCkgFiALSAXUA6oCDAEagJiAToAtGBeQF5gMWAYyAywBl4DVQG6gOCAkiBTsAAABgSAeAAsACoAIIAZABoADwAJgAhABHACtAHcAPYAgABJQF5gN1CABAASAEHAXkAxYdAUAAWABUAEAALoAZABoADwAJgAjgBRgCtAHcAPYAiwBHQCSgFiAXmAywBqoDdRwAUAEgBAICDgIQAmIBixCAKAAsAFwA7gFogNVIAAgCxALyJQCQAFgAkAB4AEwARwAowBWgLzAZYSACgDuAIAAQcBMQDFikA8ABYAFQAQQAyADQAHgATABHACjAFaARYAjoBJQF5gMsAbqUAEgAkABcAO4AgABBwCxAJiAXkAxYtABAHcWAAgJiA.f_gAAAAAAAAA.IKdwMYAFAAaABUADMAHwAhABIAC4AGQANIAeAB6AEUAJMATABNACgAFIALYAYYBBgEIAI6AUYBSACtAHcAPYAgEBBwEIAIsAR0AkoBOwCkgFiALSAXUAz4B1QEGAI1ATEAnQBaMC8gLzAYsAxkBlgDLwGqgN1AcEBJECnYAA&eid_id5-sync.com=ID5*0SUsgDFUZnV9U_MLs4zTcFh56WLXmX3NWj_ThLJXGsP__2lpJ59aAAEBCmk8K7oAe6HO1je08VcN-DgHkkzJ63uEIou0iYuIzv4_ihTx6hd7yDzSWu7mcRFLwKKf3wGXe6mtNqufOynt7ENLeu188HuqENbD60B4I-8KXVZg4DJ7rCD5b2vjciZge6N2YA87e3U6PxwtcHjf2pOK8COddXt2mHPdaAC-qXQqokMUuLh7t7HWGNUB58GKS84LUHiEe5goSoBJV0CRB1CNDUFNfHt6fm0J_X2CkdygepRRH_17fCHl1oor3RWalf3J0aCAe7wMnPjjlVv8NFguQmjIqnu9oGLQ_NDkXulGI8ZsqFI%5E1%5E%5E%5E%5E%5E&rf=https%3A%2F%2Fedition.cnn.com%2F&kw=cnnnews%2Cdailynews%2Cbreakingnews%2Cnewstoday%2Ccurrentevents&tg_i.domain=edition.cnn.com&tg_i.page=https%3A%2F%2Fedition.cnn.com%2F&tg_i.ref=https%3A%2F%2Fwww.google.com%2F&tg_i.documentLang=en&tk_flint=pbjs_lite_v9.53.1&x_source.tid=708146b2-101a-48ab-a221-80871f663bf6&l_pb_bid_id=9572aeaacad6b6&p_screen_res=2048x1152&o_ae=1&rp_secure=1&x_imp.ext.tid=50acd153-a622-49c8-a8be-b6ee3be0c2b5&p_gpid=CNNi%2Fhomepage%2Flanding%23bnr_atf_01&m_ch_ua=%22Microsoft%20Edge%20WebView2%22%7Cv%3D%22143%22%2C%22Microsoft%20Edge%22%7Cv%3D%22143%22%2C%22Chromium%22%7Cv%3D%22143%22%2C%22Not%20A(Brand%22%7Cv%3D%2224%22&m_ch_mobile=%3F0&m_ch_platform=Windows&slots=1&rand=0.26326242700089386 by rule: Block Ads
[2026-01-15 19:48:41.008] BLOCKED: https://fastlane.rubiconproject.com/a/api/fastlane.json?account_id=11016&site_id=78582&zone_id=650178&size_id=2&alt_size_ids=55%2C57&p_pos=btf&gdpr=1&gdpr_consent=CQeELLAQeELLAAcABBENCNFgAP_AAAAAAAwIKdwMIAFAAaABUADMAHwAhABIAC4AGQANIAeAB6AEUAJMATABNACgAFIALYAYYBBgEIAI6AUYBSACtAHcAPYAgEBBwEIAIsAR0AkoBOwCkgFiALSAXUA6oCDAEagJiAToAtGBeQF5gMWAYyAywBl4DVQG6gOCAkiBTsAAABgSAeAAsACoAIIAZABoADwAJgAhABHACtAHcAPYAgABJQF5gN1CABAASAEHAXkAxYdAUAAWABUAEAALoAZABoADwAJgAjgBRgCtAHcAPYAiwBHQCSgFiAXmAywBqoDdRwAUAEgBAICDgIQAmIBixCAKAAsAFwA7gFogNVIAAgCxALyJQCQAFgAkAB4AEwARwAowBWgLzAZYSACgDuAIAAQcBMQDFikA8ABYAFQAQQAyADQAHgATABHACjAFaARYAjoBJQF5gMsAbqUAEgAkABcAO4AgABBwCxAJiAXkAxYtABAHcWAAgJiA.f_gAAAAAAAAA.IKdwMYAFAAaABUADMAHwAhABIAC4AGQANIAeAB6AEUAJMATABNACgAFIALYAYYBBgEIAI6AUYBSACtAHcAPYAgEBBwEIAIsAR0AkoBOwCkgFiALSAXUAz4B1QEGAI1ATEAnQBaMC8gLzAYsAxkBlgDLwGqgN1AcEBJECnYAA&eid_id5-sync.com=ID5*0SUsgDFUZnV9U_MLs4zTcFh56WLXmX3NWj_ThLJXGsP__2lpJ59aAAEBCmk8K7oAe6HO1je08VcN-DgHkkzJ63uEIou0iYuIzv4_ihTx6hd7yDzSWu7mcRFLwKKf3wGXe6mtNqufOynt7ENLeu188HuqENbD60B4I-8KXVZg4DJ7rCD5b2vjciZge6N2YA87e3U6PxwtcHjf2pOK8COddXt2mHPdaAC-qXQqokMUuLh7t7HWGNUB58GKS84LUHiEe5goSoBJV0CRB1CNDUFNfHt6fm0J_X2CkdygepRRH_17fCHl1oor3RWalf3J0aCAe7wMnPjjlVv8NFguQmjIqnu9oGLQ_NDkXulGI8ZsqFI%5E1%5E%5E%5E%5E%5E&rf=https%3A%2F%2Fedition.cnn.com%2F&kw=cnnnews%2Cdailynews%2Cbreakingnews%2Cnewstoday%2Ccurrentevents&tg_i.domain=edition.cnn.com&tg_i.page=https%3A%2F%2Fedition.cnn.com%2F&tg_i.ref=https%3A%2F%2Fwww.google.com%2F&tg_i.documentLang=en&tk_flint=pbjs_lite_v9.53.1&x_source.tid=14448611-6954-4a6f-9c68-d27e0d481e8c&l_pb_bid_id=2819ba952b1a4dc8&p_screen_res=2048x1152&o_ae=1&rp_secure=1&x_imp.ext.tid=7ab53720-b914-438c-84b5-6267231564c4&p_gpid=CNNi%2Fhomepage%2Flanding%23bnr_btf_01&m_ch_ua=%22Microsoft%20Edge%20WebView2%22%7Cv%3D%22143%22%2C%22Microsoft%20Edge%22%7Cv%3D%22143%22%2C%22Chromium%22%7Cv%3D%22143%22%2C%22Not%20A(Brand%22%7Cv%3D%2224%22&m_ch_mobile=%3F0&m_ch_platform=Windows&slots=1&rand=0.9212160223462703 by rule: Block Ads
[2026-01-15 19:48:41.047] BLOCKED: https://ib.adnxs.com/ut/v3/prebid by rule: Block Ads
[2026-01-15 19:48:41.049] BLOCKED: https://grid-bidder.criteo.com/openrtb_2_5/pbjs/auction/request?profileId=207&av=37&wv=9.53.1&cb=41933843380&lsavail=1&networkId=9264 by rule: Block Ads
[2026-01-15 19:48:41.049] BLOCKED: https://direct.adsrvr.org/bid/bidder/wbd by rule: Block Ads
[2026-01-15 19:48:41.050] BLOCKED: https://ib.adnxs.com/ut/v3/prebid by rule: Block Ads
[2026-01-15 19:48:41.051] BLOCKED: https://grid-bidder.criteo.com/openrtb_2_5/pbjs/auction/request?profileId=207&av=37&wv=9.53.1&cb=78473726161&lsavail=1&networkId=9264 by rule: Block Ads
[2026-01-15 19:48:41.051] BLOCKED: https://direct.adsrvr.org/bid/bidder/wbd by rule: Block Ads
[2026-01-15 19:48:41.095] BLOCKED: https://ib.adnxs.com/getuid?https://umto.cnn.com/user-sync?zwmc=$UID&domain=cnn.com by rule: Block Ads
[2026-01-15 19:48:41.645] BLOCKED: https://match.adsrvr.org/track/rid?ttd_pid=5mvoddd&fmt=json by rule: Block Ads
[2026-01-15 19:48:41.645] BLOCKED: https://c.amazon-adsystem.com/aax2/apstag.js by rule: Block Ads
[2026-01-15 19:48:41.670] BLOCKED: https://ad.doubleclick.net/favicon.ico?ad=300x250&ad_box_=1&adnet=1&showad=1&size=250x250&e=0.6513409805157665 by rule: Block Ads
[2026-01-15 19:48:41.689] BLOCKED: https://fastlane.rubiconproject.com/a/api/fastlane.json?account_id=11016&site_id=78582&zone_id=650178&size_id=2&alt_size_ids=55%2C57&p_pos=atf&gdpr=1&gdpr_consent=CQeELLAQeELLAAcABBENCNFgAP_AAAAAAAwIKdwMIAFAAaABUADMAHwAhABIAC4AGQANIAeAB6AEUAJMATABNACgAFIALYAYYBBgEIAI6AUYBSACtAHcAPYAgEBBwEIAIsAR0AkoBOwCkgFiALSAXUA6oCDAEagJiAToAtGBeQF5gMWAYyAywBl4DVQG6gOCAkiBTsAAABgSAeAAsACoAIIAZABoADwAJgAhABHACtAHcAPYAgABJQF5gN1CABAASAEHAXkAxYdAUAAWABUAEAALoAZABoADwAJgAjgBRgCtAHcAPYAiwBHQCSgFiAXmAywBqoDdRwAUAEgBAICDgIQAmIBixCAKAAsAFwA7gFogNVIAAgCxALyJQCQAFgAkAB4AEwARwAowBWgLzAZYSACgDuAIAAQcBMQDFikA8ABYAFQAQQAyADQAHgATABHACjAFaARYAjoBJQF5gMsAbqUAEgAkABcAO4AgABBwCxAJiAXkAxYtABAHcWAAgJiA.f_gAAAAAAAAA.IKdwMYAFAAaABUADMAHwAhABIAC4AGQANIAeAB6AEUAJMATABNACgAFIALYAYYBBgEIAI6AUYBSACtAHcAPYAgEBBwEIAIsAR0AkoBOwCkgFiALSAXUAz4B1QEGAI1ATEAnQBaMC8gLzAYsAxkBlgDLwGqgN1AcEBJECnYAA&eid_id5-sync.com=ID5*0SUsgDFUZnV9U_MLs4zTcFh56WLXmX3NWj_ThLJXGsP__2lpJ59aAAEBCmk8K7oAe6HO1je08VcN-DgHkkzJ63uEIou0iYuIzv4_ihTx6hd7yDzSWu7mcRFLwKKf3wGXe6mtNqufOynt7ENLeu188HuqENbD60B4I-8KXVZg4DJ7rCD5b2vjciZge6N2YA87e3U6PxwtcHjf2pOK8COddXt2mHPdaAC-qXQqokMUuLh7t7HWGNUB58GKS84LUHiEe5goSoBJV0CRB1CNDUFNfHt6fm0J_X2CkdygepRRH_17fCHl1oor3RWalf3J0aCAe7wMnPjjlVv8NFguQmjIqnu9oGLQ_NDkXulGI8ZsqFI%5E1%5E%5E%5E%5E%5E&rf=https%3A%2F%2Fedition.cnn.com%2F&kw=cnnnews%2Cdailynews%2Cbreakingnews%2Cnewstoday%2Ccurrentevents&tg_i.domain=edition.cnn.com&tg_i.page=https%3A%2F%2Fedition.cnn.com%2F&tg_i.ref=https%3A%2F%2Fwww.google.com%2F&tg_i.documentLang=en&tk_flint=pbjs_lite_v9.53.1&x_source.tid=ecf0616e-44ac-4896-a8f0-d5f368111401&l_pb_bid_id=86553013cbafdd8&p_screen_res=2048x1152&o_ae=1&rp_secure=1&x_imp.ext.tid=97dc86e8-ee1c-418c-90df-a1636dd38af7&p_gpid=CNNi%2Fhomepage%2Flanding%23bnr_atf_01&m_ch_ua=%22Microsoft%20Edge%20WebView2%22%7Cv%3D%22143%22%2C%22Microsoft%20Edge%22%7Cv%3D%22143%22%2C%22Chromium%22%7Cv%3D%22143%22%2C%22Not%20A(Brand%22%7Cv%3D%2224%22&m_ch_mobile=%3F0&m_ch_platform=Windows&slots=1&rand=0.3663203733174286 by rule: Block Ads
[2026-01-15 19:48:41.698] BLOCKED: https://fastlane.rubiconproject.com/a/api/fastlane.json?account_id=11016&site_id=78582&zone_id=650178&size_id=2&alt_size_ids=55%2C57&p_pos=btf&gdpr=1&gdpr_consent=CQeELLAQeELLAAcABBENCNFgAP_AAAAAAAwIKdwMIAFAAaABUADMAHwAhABIAC4AGQANIAeAB6AEUAJMATABNACgAFIALYAYYBBgEIAI6AUYBSACtAHcAPYAgEBBwEIAIsAR0AkoBOwCkgFiALSAXUA6oCDAEagJiAToAtGBeQF5gMWAYyAywBl4DVQG6gOCAkiBTsAAABgSAeAAsACoAIIAZABoADwAJgAhABHACtAHcAPYAgABJQF5gN1CABAASAEHAXkAxYdAUAAWABUAEAALoAZABoADwAJgAjgBRgCtAHcAPYAiwBHQCSgFiAXmAywBqoDdRwAUAEgBAICDgIQAmIBixCAKAAsAFwA7gFogNVIAAgCxALyJQCQAFgAkAB4AEwARwAowBWgLzAZYSACgDuAIAAQcBMQDFikA8ABYAFQAQQAyADQAHgATABHACjAFaARYAjoBJQF5gMsAbqUAEgAkABcAO4AgABBwCxAJiAXkAxYtABAHcWAAgJiA.f_gAAAAAAAAA.IKdwMYAFAAaABUADMAHwAhABIAC4AGQANIAeAB6AEUAJMATABNACgAFIALYAYYBBgEIAI6AUYBSACtAHcAPYAgEBBwEIAIsAR0AkoBOwCkgFiALSAXUAz4B1QEGAI1ATEAnQBaMC8gLzAYsAxkBlgDLwGqgN1AcEBJECnYAA&eid_id5-sync.com=ID5*0SUsgDFUZnV9U_MLs4zTcFh56WLXmX3NWj_ThLJXGsP__2lpJ59aAAEBCmk8K7oAe6HO1je08VcN-DgHkkzJ63uEIou0iYuIzv4_ihTx6hd7yDzSWu7mcRFLwKKf3wGXe6mtNqufOynt7ENLeu188HuqENbD60B4I-8KXVZg4DJ7rCD5b2vjciZge6N2YA87e3U6PxwtcHjf2pOK8COddXt2mHPdaAC-qXQqokMUuLh7t7HWGNUB58GKS84LUHiEe5goSoBJV0CRB1CNDUFNfHt6fm0J_X2CkdygepRRH_17fCHl1oor3RWalf3J0aCAe7wMnPjjlVv8NFguQmjIqnu9oGLQ_NDkXulGI8ZsqFI%5E1%5E%5E%5E%5E%5E&rf=https%3A%2F%2Fedition.cnn.com%2F&kw=cnnnews%2Cdailynews%2Cbreakingnews%2Cnewstoday%2Ccurrentevents&tg_i.domain=edition.cnn.com&tg_i.page=https%3A%2F%2Fedition.cnn.com%2F&tg_i.ref=https%3A%2F%2Fwww.google.com%2F&tg_i.documentLang=en&tk_flint=pbjs_lite_v9.53.1&x_source.tid=12b106f5-7885-479a-a41e-9dbd15b6017b&l_pb_bid_id=3943ccd94c5500b&p_screen_res=2048x1152&o_ae=1&rp_secure=1&x_imp.ext.tid=826eaf8c-1c0b-42c3-bc76-65df26a891c1&p_gpid=CNNi%2Fhomepage%2Flanding%23bnr_btf_01&m_ch_ua=%22Microsoft%20Edge%20WebView2%22%7Cv%3D%22143%22%2C%22Microsoft%20Edge%22%7Cv%3D%22143%22%2C%22Chromium%22%7Cv%3D%22143%22%2C%22Not%20A(Brand%22%7Cv%3D%2224%22&m_ch_mobile=%3F0&m_ch_platform=Windows&slots=1&rand=0.18851618865870856 by rule: Block Ads
[2026-01-15 19:48:41.738] BLOCKED: https://ib.adnxs.com/ut/v3/prebid by rule: Block Ads
[2026-01-15 19:48:41.740] BLOCKED: https://direct.adsrvr.org/bid/bidder/wbd by rule: Block Ads
[2026-01-15 19:48:41.740] BLOCKED: https://grid-bidder.criteo.com/openrtb_2_5/pbjs/auction/request?profileId=207&av=37&wv=9.53.1&cb=74539643832&lsavail=1&networkId=9264 by rule: Block Ads
[2026-01-15 19:48:41.741] BLOCKED: https://grid-bidder.criteo.com/openrtb_2_5/pbjs/auction/request?profileId=207&av=37&wv=9.53.1&cb=91811667790&lsavail=1&networkId=9264 by rule: Block Ads
[2026-01-15 19:48:41.741] BLOCKED: https://direct.adsrvr.org/bid/bidder/wbd by rule: Block Ads
[2026-01-15 19:48:41.741] BLOCKED: https://ib.adnxs.com/ut/v3/prebid by rule: Block Ads
[2026-01-15 19:48:41.741] BLOCKED: https://ib.adnxs.com/getuid?https://umto.cnn.com/user-sync?zwmc=$UID&domain=cnn.com by rule: Block Ads
[2026-01-15 19:48:41.742] BLOCKED: https://pixel-us-east.rubiconproject.com/exchange/sync.php?p=cnn by rule: Block Ads
[2026-01-15 19:48:41.748] BLOCKED: https://fastlane.rubiconproject.com/a/api/fastlane.json?account_id=11016&site_id=78582&zone_id=650178&size_id=15&p_pos=atf&gdpr=1&gdpr_consent=CQeELLAQeELLAAcABBENCNFgAP_AAAAAAAwIKdwMIAFAAaABUADMAHwAhABIAC4AGQANIAeAB6AEUAJMATABNACgAFIALYAYYBBgEIAI6AUYBSACtAHcAPYAgEBBwEIAIsAR0AkoBOwCkgFiALSAXUA6oCDAEagJiAToAtGBeQF5gMWAYyAywBl4DVQG6gOCAkiBTsAAABgSAeAAsACoAIIAZABoADwAJgAhABHACtAHcAPYAgABJQF5gN1CABAASAEHAXkAxYdAUAAWABUAEAALoAZABoADwAJgAjgBRgCtAHcAPYAiwBHQCSgFiAXmAywBqoDdRwAUAEgBAICDgIQAmIBixCAKAAsAFwA7gFogNVIAAgCxALyJQCQAFgAkAB4AEwARwAowBWgLzAZYSACgDuAIAAQcBMQDFikA8ABYAFQAQQAyADQAHgATABHACjAFaARYAjoBJQF5gMsAbqUAEgAkABcAO4AgABBwCxAJiAXkAxYtABAHcWAAgJiA.f_gAAAAAAAAA.IKdwMYAFAAaABUADMAHwAhABIAC4AGQANIAeAB6AEUAJMATABNACgAFIALYAYYBBgEIAI6AUYBSACtAHcAPYAgEBBwEIAIsAR0AkoBOwCkgFiALSAXUAz4B1QEGAI1ATEAnQBaMC8gLzAYsAxkBlgDLwGqgN1AcEBJECnYAA&eid_id5-sync.com=ID5*0SUsgDFUZnV9U_MLs4zTcFh56WLXmX3NWj_ThLJXGsP__2lpJ59aAAEBCmk8K7oAe6HO1je08VcN-DgHkkzJ63uEIou0iYuIzv4_ihTx6hd7yDzSWu7mcRFLwKKf3wGXe6mtNqufOynt7ENLeu188HuqENbD60B4I-8KXVZg4DJ7rCD5b2vjciZge6N2YA87e3U6PxwtcHjf2pOK8COddXt2mHPdaAC-qXQqokMUuLh7t7HWGNUB58GKS84LUHiEe5goSoBJV0CRB1CNDUFNfHt6fm0J_X2CkdygepRRH_17fCHl1oor3RWalf3J0aCAe7wMnPjjlVv8NFguQmjIqnu9oGLQ_NDkXulGI8ZsqFI%5E1%5E%5E%5E%5E%5E&rf=https%3A%2F%2Fedition.cnn.com%2F&kw=cnnnews%2Cdailynews%2Cbreakingnews%2Cnewstoday%2Ccurrentevents&tg_i.domain=edition.cnn.com&tg_i.page=https%3A%2F%2Fedition.cnn.com%2F&tg_i.ref=https%3A%2F%2Fwww.google.com%2F&tg_i.documentLang=en&tk_flint=pbjs_lite_v9.53.1&x_source.tid=888afad4-0a9a-469c-9582-07f78a3d3f37&l_pb_bid_id=45e631e020f27b68&p_screen_res=2048x1152&o_ae=1&rp_secure=1&x_imp.ext.tid=6874a70c-fe2a-47bf-8510-ef5653c689e5&p_gpid=CNNi%2Fhomepage%2Flanding%23rect_atf_01&m_ch_ua=%22Microsoft%20Edge%20WebView2%22%7Cv%3D%22143%22%2C%22Microsoft%20Edge%22%7Cv%3D%22143%22%2C%22Chromium%22%7Cv%3D%22143%22%2C%22Not%20A(Brand%22%7Cv%3D%2224%22&m_ch_mobile=%3F0&m_ch_platform=Windows&slots=1&rand=0.29892405296204405 by rule: Block Ads
[2026-01-15 19:48:41.748] BLOCKED: https://ib.adnxs.com/ut/v3/prebid by rule: Block Ads
[2026-01-15 19:48:41.749] BLOCKED: https://grid-bidder.criteo.com/openrtb_2_5/pbjs/auction/request?profileId=207&av=37&wv=9.53.1&cb=94862373069&lsavail=1&networkId=9264 by rule: Block Ads
[2026-01-15 19:48:41.749] BLOCKED: https://direct.adsrvr.org/bid/bidder/wbd by rule: Block Ads
[2026-01-15 19:48:42.294] BLOCKED: https://match.adsrvr.org/track/rid?ttd_pid=5mvoddd&fmt=json by rule: Block Ads
[2026-01-15 19:48:42.295] BLOCKED: https://c.amazon-adsystem.com/aax2/apstag.js by rule: Block Ads
[2026-01-15 19:48:42.320] BLOCKED: https://ad.doubleclick.net/favicon.ico?ad=300x250&ad_box_=1&adnet=1&showad=1&size=250x250&e=0.6108092165944033 by rule: Block Ads
[2026-01-15 19:48:42.343] BLOCKED: https://fastlane.rubiconproject.com/a/api/fastlane.json?account_id=11016&site_id=78582&zone_id=650178&size_id=2&alt_size_ids=55%2C57&p_pos=atf&gdpr=1&gdpr_consent=CQeELLAQeELLAAcABBENCNFgAP_AAAAAAAwIKdwMIAFAAaABUADMAHwAhABIAC4AGQANIAeAB6AEUAJMATABNACgAFIALYAYYBBgEIAI6AUYBSACtAHcAPYAgEBBwEIAIsAR0AkoBOwCkgFiALSAXUA6oCDAEagJiAToAtGBeQF5gMWAYyAywBl4DVQG6gOCAkiBTsAAABgSAeAAsACoAIIAZABoADwAJgAhABHACtAHcAPYAgABJQF5gN1CABAASAEHAXkAxYdAUAAWABUAEAALoAZABoADwAJgAjgBRgCtAHcAPYAiwBHQCSgFiAXmAywBqoDdRwAUAEgBAICDgIQAmIBixCAKAAsAFwA7gFogNVIAAgCxALyJQCQAFgAkAB4AEwARwAowBWgLzAZYSACgDuAIAAQcBMQDFikA8ABYAFQAQQAyADQAHgATABHACjAFaARYAjoBJQF5gMsAbqUAEgAkABcAO4AgABBwCxAJiAXkAxYtABAHcWAAgJiA.f_gAAAAAAAAA.IKdwMYAFAAaABUADMAHwAhABIAC4AGQANIAeAB6AEUAJMATABNACgAFIALYAYYBBgEIAI6AUYBSACtAHcAPYAgEBBwEIAIsAR0AkoBOwCkgFiALSAXUAz4B1QEGAI1ATEAnQBaMC8gLzAYsAxkBlgDLwGqgN1AcEBJECnYAA&eid_id5-sync.com=ID5*0SUsgDFUZnV9U_MLs4zTcFh56WLXmX3NWj_ThLJXGsP__2lpJ59aAAEBCmk8K7oAe6HO1je08VcN-DgHkkzJ63uEIou0iYuIzv4_ihTx6hd7yDzSWu7mcRFLwKKf3wGXe6mtNqufOynt7ENLeu188HuqENbD60B4I-8KXVZg4DJ7rCD5b2vjciZge6N2YA87e3U6PxwtcHjf2pOK8COddXt2mHPdaAC-qXQqokMUuLh7t7HWGNUB58GKS84LUHiEe5goSoBJV0CRB1CNDUFNfHt6fm0J_X2CkdygepRRH_17fCHl1oor3RWalf3J0aCAe7wMnPjjlVv8NFguQmjIqnu9oGLQ_NDkXulGI8ZsqFI%5E1%5E%5E%5E%5E%5E&rf=https%3A%2F%2Fedition.cnn.com%2F&kw=cnnnews%2Cdailynews%2Cbreakingnews%2Cnewstoday%2Ccurrentevents&tg_i.domain=edition.cnn.com&tg_i.page=https%3A%2F%2Fedition.cnn.com%2F&tg_i.ref=https%3A%2F%2Fwww.google.com%2F&tg_i.documentLang=en&tk_flint=pbjs_lite_v9.53.1&x_source.tid=486f6fc4-8e6b-40ac-bfbc-b996fbd35647&l_pb_bid_id=1591e1727dbf5718&p_screen_res=2048x1152&o_ae=1&rp_secure=1&x_imp.ext.tid=15685bac-2ee3-4bb0-9612-94b739bc3d23&p_gpid=CNNi%2Fhomepage%2Flanding%23bnr_atf_01&m_ch_ua=%22Microsoft%20Edge%20WebView2%22%7Cv%3D%22143%22%2C%22Microsoft%20Edge%22%7Cv%3D%22143%22%2C%22Chromium%22%7Cv%3D%22143%22%2C%22Not%20A(Brand%22%7Cv%3D%2224%22&m_ch_mobile=%3F0&m_ch_platform=Windows&slots=1&rand=0.36379989797491497 by rule: Block Ads
[2026-01-15 19:48:42.349] BLOCKED: https://fastlane.rubiconproject.com/a/api/fastlane.json?account_id=11016&site_id=78582&zone_id=650178&size_id=2&alt_size_ids=55%2C57&p_pos=btf&gdpr=1&gdpr_consent=CQeELLAQeELLAAcABBENCNFgAP_AAAAAAAwIKdwMIAFAAaABUADMAHwAhABIAC4AGQANIAeAB6AEUAJMATABNACgAFIALYAYYBBgEIAI6AUYBSACtAHcAPYAgEBBwEIAIsAR0AkoBOwCkgFiALSAXUA6oCDAEagJiAToAtGBeQF5gMWAYyAywBl4DVQG6gOCAkiBTsAAABgSAeAAsACoAIIAZABoADwAJgAhABHACtAHcAPYAgABJQF5gN1CABAASAEHAXkAxYdAUAAWABUAEAALoAZABoADwAJgAjgBRgCtAHcAPYAiwBHQCSgFiAXmAywBqoDdRwAUAEgBAICDgIQAmIBixCAKAAsAFwA7gFogNVIAAgCxALyJQCQAFgAkAB4AEwARwAowBWgLzAZYSACgDuAIAAQcBMQDFikA8ABYAFQAQQAyADQAHgATABHACjAFaARYAjoBJQF5gMsAbqUAEgAkABcAO4AgABBwCxAJiAXkAxYtABAHcWAAgJiA.f_gAAAAAAAAA.IKdwMYAFAAaABUADMAHwAhABIAC4AGQANIAeAB6AEUAJMATABNACgAFIALYAYYBBgEIAI6AUYBSACtAHcAPYAgEBBwEIAIsAR0AkoBOwCkgFiALSAXUAz4B1QEGAI1ATEAnQBaMC8gLzAYsAxkBlgDLwGqgN1AcEBJECnYAA&eid_id5-sync.com=ID5*0SUsgDFUZnV9U_MLs4zTcFh56WLXmX3NWj_ThLJXGsP__2lpJ59aAAEBCmk8K7oAe6HO1je08VcN-DgHkkzJ63uEIou0iYuIzv4_ihTx6hd7yDzSWu7mcRFLwKKf3wGXe6mtNqufOynt7ENLeu188HuqENbD60B4I-8KXVZg4DJ7rCD5b2vjciZge6N2YA87e3U6PxwtcHjf2pOK8COddXt2mHPdaAC-qXQqokMUuLh7t7HWGNUB58GKS84LUHiEe5goSoBJV0CRB1CNDUFNfHt6fm0J_X2CkdygepRRH_17fCHl1oor3RWalf3J0aCAe7wMnPjjlVv8NFguQmjIqnu9oGLQ_NDkXulGI8ZsqFI%5E1%5E%5E%5E%5E%5E&rf=https%3A%2F%2Fedition.cnn.com%2F&kw=cnnnews%2Cdailynews%2Cbreakingnews%2Cnewstoday%2Ccurrentevents&tg_i.domain=edition.cnn.com&tg_i.page=https%3A%2F%2Fedition.cnn.com%2F&tg_i.ref=https%3A%2F%2Fwww.google.com%2F&tg_i.documentLang=en&tk_flint=pbjs_lite_v9.53.1&x_source.tid=dbee9c73-d5bd-4d1b-b8e9-f4b5376de26f&l_pb_bid_id=351d9ee8ad59024&p_screen_res=2048x1152&o_ae=1&rp_secure=1&x_imp.ext.tid=71caa7be-9cad-495e-955c-70be4b30887e&p_gpid=CNNi%2Fhomepage%2Flanding%23bnr_btf_01&m_ch_ua=%22Microsoft%20Edge%20WebView2%22%7Cv%3D%22143%22%2C%22Microsoft%20Edge%22%7Cv%3D%22143%22%2C%22Chromium%22%7Cv%3D%22143%22%2C%22Not%20A(Brand%22%7Cv%3D%2224%22&m_ch_mobile=%3F0&m_ch_platform=Windows&slots=1&rand=0.49082171534779706 by rule: Block Ads
[2026-01-15 19:48:42.407] BLOCKED: https://direct.adsrvr.org/bid/bidder/wbd by rule: Block Ads
[2026-01-15 19:48:42.408] BLOCKED: https://ib.adnxs.com/ut/v3/prebid by rule: Block Ads
[2026-01-15 19:48:42.409] BLOCKED: https://grid-bidder.criteo.com/openrtb_2_5/pbjs/auction/request?profileId=207&av=37&wv=9.53.1&cb=13716937493&lsavail=1&networkId=9264 by rule: Block Ads
[2026-01-15 19:48:42.409] BLOCKED: https://ib.adnxs.com/ut/v3/prebid by rule: Block Ads
[2026-01-15 19:48:42.409] BLOCKED: https://grid-bidder.criteo.com/openrtb_2_5/pbjs/auction/request?profileId=207&av=37&wv=9.53.1&cb=64486883835&lsavail=1&networkId=9264 by rule: Block Ads
[2026-01-15 19:48:42.410] BLOCKED: https://direct.adsrvr.org/bid/bidder/wbd by rule: Block Ads
[2026-01-15 19:48:42.437] BLOCKED: https://hbopenbid.pubmatic.com/translator?source=prebid-client&gzip=1 by rule: Block Ads
[2026-01-15 19:48:42.441] BLOCKED: https://hbopenbid.pubmatic.com/translator?source=prebid-client&gzip=1 by rule: Block Ads
[2026-01-15 19:48:42.449] BLOCKED: https://direct.adsrvr.org/bid/bidder/wbd by rule: Block Ads
[2026-01-15 19:48:42.452] BLOCKED: https://ib.adnxs.com/ut/v3/prebid by rule: Block Ads
[2026-01-15 19:48:42.452] BLOCKED: https://grid-bidder.criteo.com/openrtb_2_5/pbjs/auction/request?profileId=207&av=37&wv=9.53.1&cb=8364489065&lsavail=1&networkId=9264 by rule: Block Ads
[2026-01-15 19:48:42.453] BLOCKED: https://fastlane.rubiconproject.com/a/api/fastlane.json?account_id=11016&site_id=78582&zone_id=650178&size_id=15&p_pos=atf&gdpr=1&gdpr_consent=CQeELLAQeELLAAcABBENCNFgAP_AAAAAAAwIKdwMIAFAAaABUADMAHwAhABIAC4AGQANIAeAB6AEUAJMATABNACgAFIALYAYYBBgEIAI6AUYBSACtAHcAPYAgEBBwEIAIsAR0AkoBOwCkgFiALSAXUA6oCDAEagJiAToAtGBeQF5gMWAYyAywBl4DVQG6gOCAkiBTsAAABgSAeAAsACoAIIAZABoADwAJgAhABHACtAHcAPYAgABJQF5gN1CABAASAEHAXkAxYdAUAAWABUAEAALoAZABoADwAJgAjgBRgCtAHcAPYAiwBHQCSgFiAXmAywBqoDdRwAUAEgBAICDgIQAmIBixCAKAAsAFwA7gFogNVIAAgCxALyJQCQAFgAkAB4AEwARwAowBWgLzAZYSACgDuAIAAQcBMQDFikA8ABYAFQAQQAyADQAHgATABHACjAFaARYAjoBJQF5gMsAbqUAEgAkABcAO4AgABBwCxAJiAXkAxYtABAHcWAAgJiA.f_gAAAAAAAAA.IKdwMYAFAAaABUADMAHwAhABIAC4AGQANIAeAB6AEUAJMATABNACgAFIALYAYYBBgEIAI6AUYBSACtAHcAPYAgEBBwEIAIsAR0AkoBOwCkgFiALSAXUAz4B1QEGAI1ATEAnQBaMC8gLzAYsAxkBlgDLwGqgN1AcEBJECnYAA&eid_id5-sync.com=ID5*0SUsgDFUZnV9U_MLs4zTcFh56WLXmX3NWj_ThLJXGsP__2lpJ59aAAEBCmk8K7oAe6HO1je08VcN-DgHkkzJ63uEIou0iYuIzv4_ihTx6hd7yDzSWu7mcRFLwKKf3wGXe6mtNqufOynt7ENLeu188HuqENbD60B4I-8KXVZg4DJ7rCD5b2vjciZge6N2YA87e3U6PxwtcHjf2pOK8COddXt2mHPdaAC-qXQqokMUuLh7t7HWGNUB58GKS84LUHiEe5goSoBJV0CRB1CNDUFNfHt6fm0J_X2CkdygepRRH_17fCHl1oor3RWalf3J0aCAe7wMnPjjlVv8NFguQmjIqnu9oGLQ_NDkXulGI8ZsqFI%5E1%5E%5E%5E%5E%5E&rf=https%3A%2F%2Fedition.cnn.com%2F&kw=cnnnews%2Cdailynews%2Cbreakingnews%2Cnewstoday%2Ccurrentevents&tg_i.domain=edition.cnn.com&tg_i.page=https%3A%2F%2Fedition.cnn.com%2F&tg_i.ref=https%3A%2F%2Fwww.google.com%2F&tg_i.documentLang=en&tk_flint=pbjs_lite_v9.53.1&x_source.tid=1107de9a-1fb8-477e-96b9-33b77cdcfdb8&l_pb_bid_id=57386a26ab52cba&p_screen_res=2048x1152&o_ae=1&rp_secure=1&x_imp.ext.tid=d4e08851-6abd-4b88-81c8-4d717d4d22d4&p_gpid=CNNi%2Fhomepage%2Flanding%23rect_atf_01&m_ch_ua=%22Microsoft%20Edge%20WebView2%22%7Cv%3D%22143%22%2C%22Microsoft%20Edge%22%7Cv%3D%22143%22%2C%22Chromium%22%7Cv%3D%22143%22%2C%22Not%20A(Brand%22%7Cv%3D%2224%22&m_ch_mobile=%3F0&m_ch_platform=Windows&slots=1&rand=0.7222323451011273 by rule: Block Ads
[2026-01-15 19:48:42.459] BLOCKED: https://hbopenbid.pubmatic.com/translator?source=prebid-client&gzip=1 by rule: Block Ads
[2026-01-15 19:48:42.494] BLOCKED: https://match.adsrvr.org/track/rid?fmt=json&ttd_tpi=1&ttd_pid=1000&gdpr=1&gdpr_consent=CQeELLAQeELLAAcABBENCNFgAP_AAAAAAAwIKdwMIAFAAaABUADMAHwAhABIAC4AGQANIAeAB6AEUAJMATABNACgAFIALYAYYBBgEIAI6AUYBSACtAHcAPYAgEBBwEIAIsAR0AkoBOwCkgFiALSAXUA6oCDAEagJiAToAtGBeQF5gMWAYyAywBl4DVQG6gOCAkiBTsAAABgSAeAAsACoAIIAZABoADwAJgAhABHACtAHcAPYAgABJQF5gN1CABAASAEHAXkAxYdAUAAWABUAEAALoAZABoADwAJgAjgBRgCtAHcAPYAiwBHQCSgFiAXmAywBqoDdRwAUAEgBAICDgIQAmIBixCAKAAsAFwA7gFogNVIAAgCxALyJQCQAFgAkAB4AEwARwAowBWgLzAZYSACgDuAIAAQcBMQDFikA8ABYAFQAQQAyADQAHgATABHACjAFaARYAjoBJQF5gMsAbqUAEgAkABcAO4AgABBwCxAJiAXkAxYtABAHcWAAgJiA.f_gAAAAAAAAA.IKdwMYAFAAaABUADMAHwAhABIAC4AGQANIAeAB6AEUAJMATABNACgAFIALYAYYBBgEIAI6AUYBSACtAHcAPYAgEBBwEIAIsAR0AkoBOwCkgFiALSAXUAz4B1QEGAI1ATEAnQBaMC8gLzAYsAxkBlgDLwGqgN1AcEBJECnYAA by rule: Block Ads
[2026-01-15 19:48:42.551] BLOCKED: https://ib.adnxs.com/getuid?https://umto.cnn.com/user-sync?zwmc=$UID&domain=cnn.com by rule: Block Ads
[2026-01-15 19:48:42.551] BLOCKED: https://pixel-us-east.rubiconproject.com/exchange/sync.php?p=cnn by rule: Block Ads
[2026-01-15 19:48:42.628] BLOCKED: https://pagead2.googlesyndication.com/getconfig/sodar?tid=pal&tv=1.0 by rule: Block Ads
[2026-01-15 19:48:42.736] BLOCKED: https://pagead2.googlesyndication.com/getconfig/sodar?tid=pal&tv=1.0 by rule: Block Ads
[2026-01-15 19:48:42.771] BLOCKED: https://ee645de8c827f72d574b88b84e98824b.safeframe.googlesyndication.com/safeframe/1-0-45/html/container.html by rule: Block Ads
[2026-01-15 19:48:42.795] BLOCKED: https://ad.doubleclick.net/favicon.ico?ad=300x250&ad_box_=1&adnet=1&showad=1&size=250x250&e=0.5686254119946993 by rule: Block Ads
[2026-01-15 19:48:43.227] BLOCKED: https://tpc.googlesyndication.com/daca_images/simgad/1088393088024425169 by rule: Block Ads
[2026-01-15 19:48:43.227] BLOCKED: https://tpc.googlesyndication.com/pagead/images/adchoices/en.png by rule: Block Ads
[2026-01-15 19:48:43.227] BLOCKED: https://tpc.googlesyndication.com/pagead/images/adchoices/adchoices_blue_wb.png by rule: Block Ads
[2026-01-15 19:48:43.252] BLOCKED: https://tpc.googlesyndication.com/daca_images/simgad/2771345385311286029 by rule: Block Ads
[2026-01-15 19:48:43.252] BLOCKED: https://tpc.googlesyndication.com/pagead/images/adchoices/adchoices_blue_wb.png by rule: Block Ads
[2026-01-15 19:48:43.253] BLOCKED: https://tpc.googlesyndication.com/pagead/images/adchoices/en.png by rule: Block Ads
[2026-01-15 19:48:43.267] BLOCKED: https://tpc.googlesyndication.com/daca_images/simgad/1088393088024425169 by rule: Block Ads
[2026-01-15 19:48:43.267] BLOCKED: https://tpc.googlesyndication.com/pagead/images/adchoices/en.png by rule: Block Ads
[2026-01-15 19:48:43.267] BLOCKED: https://tpc.googlesyndication.com/pagead/images/adchoices/adchoices_blue_wb.png by rule: Block Ads
[2026-01-15 19:48:43.284] BLOCKED: https://tpc.googlesyndication.com/daca_images/simgad/2771345385311286029 by rule: Block Ads
[2026-01-15 19:48:43.284] BLOCKED: https://tpc.googlesyndication.com/pagead/images/adchoices/en.png by rule: Block Ads
[2026-01-15 19:48:43.284] BLOCKED: https://tpc.googlesyndication.com/pagead/images/adchoices/adchoices_blue_wb.png by rule: Block Ads
[2026-01-15 19:48:43.345] BLOCKED: https://pagead2.googlesyndication.com/pagead/ping?e=1 by rule: Block Ads
[2026-01-15 19:48:43.420] BLOCKED: https://tpc.googlesyndication.com/pagead/js/r20260114/r20110914/abg_lite_fy2021.js by rule: Block Ads
[2026-01-15 19:48:43.425] BLOCKED: https://pagead2.googlesyndication.com/pagead/managed/js/activeview/current/ufs_web_display.js by rule: Block Ads
[2026-01-15 19:48:43.469] BLOCKED: https://ad.doubleclick.net/favicon.ico?ad=300x250&ad_box_=1&adnet=1&showad=1&size=250x250&e=0.12194569714967407 by rule: Block Ads
[2026-01-15 19:48:43.882] BLOCKED: https://ad.doubleclick.net/favicon.ico?ad=300x250&ad_box_=1&adnet=1&showad=1&size=250x250&e=0.70186980700556 by rule: Block Ads
[2026-01-15 19:48:44.301] BLOCKED: https://ad.doubleclick.net/favicon.ico?ad=300x250&ad_box_=1&adnet=1&showad=1&size=250x250&e=0.9701160168775091 by rule: Block Ads
[2026-01-15 19:48:44.703] BLOCKED: https://ad.doubleclick.net/favicon.ico?ad=300x250&ad_box_=1&adnet=1&showad=1&size=250x250&e=0.7303178149736361 by rule: Block Ads
[2026-01-15 19:48:45.107] BLOCKED: https://ad.doubleclick.net/favicon.ico?ad=300x250&ad_box_=1&adnet=1&showad=1&size=250x250&e=0.9331602795336632 by rule: Block Ads
[2026-01-15 19:48:45.554] BLOCKED: https://hbopenbid.pubmatic.com/translator? by rule: Block Ads
[2026-01-15 19:48:45.557] BLOCKED: https://direct.adsrvr.org/bid/bidder/wunderkind by rule: Block Ads
[2026-01-15 19:48:45.574] BLOCKED: https://gum.criteo.com/syncframe?origin=publishertag&topUrl=edition.cnn.com&gdpr=1&gdpr_consent=CQeELLAQeELLAAcABBENCNFgAP_AAAAAAAwIKdwMIAFAAaABUADMAHwAhABIAC4AGQANIAeAB6AEUAJMATABNACgAFIALYAYYBBgEIAI6AUYBSACtAHcAPYAgEBBwEIAIsAR0AkoBOwCkgFiALSAXUA6oCDAEagJiAToAtGBeQF5gMWAYyAywBl4DVQG6gOCAkiBTsAAABgSAeAAsACoAIIAZABoADwAJgAhABHACtAHcAPYAgABJQF5gN1CABAASAEHAXkAxYdAUAAWABUAEAALoAZABoADwAJgAjgBRgCtAHcAPYAiwBHQCSgFiAXmAywBqoDdRwAUAEgBAICDgIQAmIBixCAKAAsAFwA7gFogNVIAAgCxALyJQCQAFgAkAB4AEwARwAowBWgLzAZYSACgDuAIAAQcBMQDFikA8ABYAFQAQQAyADQAHgATABHACjAFaARYAjoBJQF5gMsAbqUAEgAkABcAO4AgABBwCxAJiAXkAxYtABAHcWAAgJiA.f_gAAAAAAAAA.IKdwMYAFAAaABUADMAHwAhABIAC4AGQANIAeAB6AEUAJMATABNACgAFIALYAYYBBgEIAI6AUYBSACtAHcAPYAgEBBwEIAIsAR0AkoBOwCkgFiALSAXUAz4B1QEGAI1ATEAnQBaMC8gLzAYsAxkBlgDLwGqgN1AcEBJECnYAA by rule: Block Ads
[2026-01-15 19:48:45.577] BLOCKED: https://bidder.criteo.com/cdb?ptv=164&profileId=184&cb=23769905806 by rule: Block Ads
[2026-01-15 19:48:45.579] BLOCKED: https://bidder.criteo.com/cdb?ptv=164&profileId=184&cb=7356643835 by rule: Block Ads
[2026-01-15 19:48:45.580] BLOCKED: https://bidder.criteo.com/cdb?ptv=164&profileId=184&cb=51260224517 by rule: Block Ads
[2026-01-15 19:48:45.769] BLOCKED: https://eus.rubiconproject.com/usync.html?gdpr=1&gdpr_consent=CQeELLAQeELLAAcABBENCNFgAP_AAAAAAAwIKdwMIAFAAaABUADMAHwAhABIAC4AGQANIAeAB6AEUAJMATABNACgAFIALYAYYBBgEIAI6AUYBSACtAHcAPYAgEBBwEIAIsAR0AkoBOwCkgFiALSAXUA6oCDAEagJiAToAtGBeQF5gMWAYyAywBl4DVQG6gOCAkiBTsAAABgSAeAAsACoAIIAZABoADwAJgAhABHACtAHcAPYAgABJQF5gN1CABAASAEHAXkAxYdAUAAWABUAEAALoAZABoADwAJgAjgBRgCtAHcAPYAiwBHQCSgFiAXmAywBqoDdRwAUAEgBAICDgIQAmIBixCAKAAsAFwA7gFogNVIAAgCxALyJQCQAFgAkAB4AEwARwAowBWgLzAZYSACgDuAIAAQcBMQDFikA8ABYAFQAQQAyADQAHgATABHACjAFaARYAjoBJQF5gMsAbqUAEgAkABcAO4AgABBwCxAJiAXkAxYtABAHcWAAgJiA.f_gAAAAAAAAA.IKdwMYAFAAaABUADMAHwAhABIAC4AGQANIAeAB6AEUAJMATABNACgAFIALYAYYBBgEIAI6AUYBSACtAHcAPYAgEBBwEIAIsAR0AkoBOwCkgFiALSAXUAz4B1QEGAI1ATEAnQBaMC8gLzAYsAxkBlgDLwGqgN1AcEBJECnYAA by rule: Block Ads
[2026-01-15 19:48:45.770] BLOCKED: https://match.adsrvr.org/track/usersync?us_privacy=&gdpr=1&gdpr_consent=CQeELLAQeELLAAcABBENCNFgAP_AAAAAAAwIKdwMIAFAAaABUADMAHwAhABIAC4AGQANIAeAB6AEUAJMATABNACgAFIALYAYYBBgEIAI6AUYBSACtAHcAPYAgEBBwEIAIsAR0AkoBOwCkgFiALSAXUA6oCDAEagJiAToAtGBeQF5gMWAYyAywBl4DVQG6gOCAkiBTsAAABgSAeAAsACoAIIAZABoADwAJgAhABHACtAHcAPYAgABJQF5gN1CABAASAEHAXkAxYdAUAAWABUAEAALoAZABoADwAJgAjgBRgCtAHcAPYAiwBHQCSgFiAXmAywBqoDdRwAUAEgBAICDgIQAmIBixCAKAAsAFwA7gFogNVIAAgCxALyJQCQAFgAkAB4AEwARwAowBWgLzAZYSACgDuAIAAQcBMQDFikA8ABYAFQAQQAyADQAHgATABHACjAFaARYAjoBJQF5gMsAbqUAEgAkABcAO4AgABBwCxAJiAXkAxYtABAHcWAAgJiA.f_gAAAAAAAAA.IKdwMYAFAAaABUADMAHwAhABIAC4AGQANIAeAB6AEUAJMATABNACgAFIALYAYYBBgEIAI6AUYBSACtAHcAPYAgEBBwEIAIsAR0AkoBOwCkgFiALSAXUAz4B1QEGAI1ATEAnQBaMC8gLzAYsAxkBlgDLwGqgN1AcEBJECnYAA&ust=image by rule: Block Ads
[2026-01-15 19:48:45.770] BLOCKED: https://acdn.adnxs.com/dmp/async_usersync.html by rule: Block Ads
[2026-01-15 19:48:45.770] BLOCKED: https://gum.criteo.com/syncframe?origin=criteoPrebidAdapter&topUrl=edition.cnn.com&gdpr=1&gdpr_consent=CQeELLAQeELLAAcABBENCNFgAP_AAAAAAAwIKdwMIAFAAaABUADMAHwAhABIAC4AGQANIAeAB6AEUAJMATABNACgAFIALYAYYBBgEIAI6AUYBSACtAHcAPYAgEBBwEIAIsAR0AkoBOwCkgFiALSAXUA6oCDAEagJiAToAtGBeQF5gMWAYyAywBl4DVQG6gOCAkiBTsAAABgSAeAAsACoAIIAZABoADwAJgAhABHACtAHcAPYAgABJQF5gN1CABAASAEHAXkAxYdAUAAWABUAEAALoAZABoADwAJgAjgBRgCtAHcAPYAiwBHQCSgFiAXmAywBqoDdRwAUAEgBAICDgIQAmIBixCAKAAsAFwA7gFogNVIAAgCxALyJQCQAFgAkAB4AEwARwAowBWgLzAZYSACgDuAIAAQcBMQDFikA8ABYAFQAQQAyADQAHgATABHACjAFaARYAjoBJQF5gMsAbqUAEgAkABcAO4AgABBwCxAJiAXkAxYtABAHcWAAgJiA.f_gAAAAAAAAA.IKdwMYAFAAaABUADMAHwAhABIAC4AGQANIAeAB6AEUAJMATABNACgAFIALYAYYBBgEIAI6AUYBSACtAHcAPYAgEBBwEIAIsAR0AkoBOwCkgFiALSAXUAz4B1QEGAI1ATEAnQBaMC8gLzAYsAxkBlgDLwGqgN1AcEBJECnYAA&gpp= by rule: Block Ads
[2026-01-15 19:48:45.771] BLOCKED: https://ads.pubmatic.com/AdServer/js/user_sync.html?kdntuid=1&p=160262&gdpr=1&gdpr_consent=CQeELLAQeELLAAcABBENCNFgAP_AAAAAAAwIKdwMIAFAAaABUADMAHwAhABIAC4AGQANIAeAB6AEUAJMATABNACgAFIALYAYYBBgEIAI6AUYBSACtAHcAPYAgEBBwEIAIsAR0AkoBOwCkgFiALSAXUA6oCDAEagJiAToAtGBeQF5gMWAYyAywBl4DVQG6gOCAkiBTsAAABgSAeAAsACoAIIAZABoADwAJgAhABHACtAHcAPYAgABJQF5gN1CABAASAEHAXkAxYdAUAAWABUAEAALoAZABoADwAJgAjgBRgCtAHcAPYAiwBHQCSgFiAXmAywBqoDdRwAUAEgBAICDgIQAmIBixCAKAAsAFwA7gFogNVIAAgCxALyJQCQAFgAkAB4AEwARwAowBWgLzAZYSACgDuAIAAQcBMQDFikA8ABYAFQAQQAyADQAHgATABHACjAFaARYAjoBJQF5gMsAbqUAEgAkABcAO4AgABBwCxAJiAXkAxYtABAHcWAAgJiA.f_gAAAAAAAAA.IKdwMYAFAAaABUADMAHwAhABIAC4AGQANIAeAB6AEUAJMATABNACgAFIALYAYYBBgEIAI6AUYBSACtAHcAPYAgEBBwEIAIsAR0AkoBOwCkgFiALSAXUAz4B1QEGAI1ATEAnQBaMC8gLzAYsAxkBlgDLwGqgN1AcEBJECnYAA by rule: Block Ads
